<?xml version="1.0" encoding="UTF-8"?>
<!-- Generated by org.testng.reporters.JUnitXMLReporter -->
<testsuite hostname="pushpa-PC" ignored="2" name="Test" tests="153" failures="37" timestamp="16 Aug 2018 13:34:40 GMT" time="4602.68" errors="0">
  <testcase name="CRe4_855" time="6.798" classname="com.create4.execution.TS_06A_SOP_add"/>
  <testcase name="CRe4_876" time="11.589" classname="com.create4.execution.TS_06A_SOP_add"/>
  <testcase name="CRe4_877" time="6.709" classname="com.create4.execution.TS_06A_SOP_add"/>
  <testcase name="CRe4_878" time="16.974" classname="com.create4.execution.TS_06A_SOP_add"/>
  <testcase name="CRe4_880" time="8.635" classname="com.create4.execution.TS_06A_SOP_add"/>
  <testcase name="CRe4_881" time="8.11" classname="com.create4.execution.TS_06A_SOP_add"/>
  <testcase name="CRe4_882" time="9.561" classname="com.create4.execution.TS_06A_SOP_add"/>
  <testcase name="CRe4_883" time="12.421" classname="com.create4.execution.TS_06A_SOP_add">
    <failure type="java.lang.AssertionError" message="expected [SOP_A9 - SOP is created successfully] but found [SOP title field is Unique!]">
      <![CDATA[java.lang.AssertionError: expected [SOP_A9 - SOP is created successfully] but found [SOP title field is Unique!]
	at com.create4.scenarios.TS_06A.CRe4_883(TS_06A.java:845)
	at com.create4.execution.TS_06A_SOP_add.CRe4_883(TS_06A_SOP_add.java:101)
... Removed 31 stack frames]]>
    </failure>
  </testcase> <!-- CRe4_883 -->
  <testcase name="CRe4_884" time="0.053" classname="com.create4.execution.TS_06A_SOP_add"/>
  <testcase name="CRe4_887" time="12.958" classname="com.create4.execution.TS_06A_SOP_add">
    <failure type="java.lang.AssertionError" message="expected [SOP2_A4 - SOP is created successfully] but found [Upload SOP field is required!]">
      <![CDATA[java.lang.AssertionError: expected [SOP2_A4 - SOP is created successfully] but found [Upload SOP field is required!]
	at com.create4.scenarios.TS_06A.CRe4_887(TS_06A.java:1062)
	at com.create4.execution.TS_06A_SOP_add.CRe4_887(TS_06A_SOP_add.java:118)
... Removed 31 stack frames]]>
    </failure>
  </testcase> <!-- CRe4_887 -->
  <testcase name="CRe4_888" time="10.674" classname="com.create4.execution.TS_06A_SOP_add">
    <failure type="java.lang.AssertionError" message="expected [SOP3_A4 - SOP is created successfully] but found [Upload SOP field is required!]">
      <![CDATA[java.lang.AssertionError: expected [SOP3_A4 - SOP is created successfully] but found [Upload SOP field is required!]
	at com.create4.scenarios.TS_06A.CRe4_888(TS_06A.java:1156)
	at com.create4.execution.TS_06A_SOP_add.CRe4_888(TS_06A_SOP_add.java:126)
... Removed 31 stack frames]]>
    </failure>
  </testcase> <!-- CRe4_888 -->
  <testcase name="CRe4_892" time="11.505" classname="com.create4.execution.TS_06A_SOP_add">
    <failure type="java.lang.AssertionError" message="expected [SOP4_A4 - SOP is created successfully] but found [Upload SOP field is required!]">
      <![CDATA[java.lang.AssertionError: expected [SOP4_A4 - SOP is created successfully] but found [Upload SOP field is required!]
	at com.create4.scenarios.TS_06A.CRe4_892(TS_06A.java:1244)
	at com.create4.execution.TS_06A_SOP_add.CRe4_892(TS_06A_SOP_add.java:134)
... Removed 31 stack frames]]>
    </failure>
  </testcase> <!-- CRe4_892 -->
  <testcase name="CRe4_863" time="9.707" classname="com.create4.execution.TS_07A_SOP_View">
    <failure type="java.lang.AssertionError" message="expected [SOP5_A4 - SOP is created successfully] but found [Upload SOP field is required!]">
      <![CDATA[java.lang.AssertionError: expected [SOP5_A4 - SOP is created successfully] but found [Upload SOP field is required!]
	at com.create4.scenarios.TS_07A.CRe4_863(TS_07A.java:139)
	at com.create4.execution.TS_07A_SOP_View.CRe4_863(TS_07A_SOP_View.java:44)
... Removed 31 stack frames]]>
    </failure>
  </testcase> <!-- CRe4_863 -->
  <testcase name="CRe4_864" time="12.211" classname="com.create4.execution.TS_07A_SOP_View">
    <failure type="java.lang.AssertionError" message="expected [SOP6_A2 - SOP is created successfully] but found [Upload SOP field is required!]">
      <![CDATA[java.lang.AssertionError: expected [SOP6_A2 - SOP is created successfully] but found [Upload SOP field is required!]
	at com.create4.scenarios.TS_07A.CRe4_864(TS_07A.java:254)
	at com.create4.execution.TS_07A_SOP_View.CRe4_864(TS_07A_SOP_View.java:51)
... Removed 31 stack frames]]>
    </failure>
  </testcase> <!-- CRe4_864 -->
  <testcase name="CRe4_865" time="10.044" classname="com.create4.execution.TS_08A_SOP_Update">
    <failure type="java.lang.AssertionError" message="expected [tenty122 - SOP is created successfully] but found [Upload SOP field is required!]">
      <![CDATA[java.lang.AssertionError: expected [tenty122 - SOP is created successfully] but found [Upload SOP field is required!]
	at com.create4.scenarios.TS_08A.CRe4_865(TS_08A.java:178)
	at com.create4.execution.TS_08A_SOP_Update.CRe4_865(TS_08A_SOP_Update.java:45)
... Removed 31 stack frames]]>
    </failure>
  </testcase> <!-- CRe4_865 -->
  <testcase name="CRe4_866" time="10.742" classname="com.create4.execution.TS_08A_SOP_Update">
    <failure type="java.lang.AssertionError" message="expected [tenty133 - SOP is created successfully] but found [Upload SOP field is required!]">
      <![CDATA[java.lang.AssertionError: expected [tenty133 - SOP is created successfully] but found [Upload SOP field is required!]
	at com.create4.scenarios.TS_08A.CRe4_866(TS_08A.java:271)
	at com.create4.execution.TS_08A_SOP_Update.CRe4_866(TS_08A_SOP_Update.java:52)
... Removed 31 stack frames]]>
    </failure>
  </testcase> <!-- CRe4_866 -->
  <testcase name="CRe4_867" time="11.592" classname="com.create4.execution.TS_08A_SOP_Update">
    <failure type="java.lang.AssertionError" message="expected [tenty150 - SOP is created successfully] but found [Upload SOP field is required!]">
      <![CDATA[java.lang.AssertionError: expected [tenty150 - SOP is created successfully] but found [Upload SOP field is required!]
	at com.create4.scenarios.TS_08A.CRe4_867(TS_08A.java:378)
	at com.create4.execution.TS_08A_SOP_Update.CRe4_867(TS_08A_SOP_Update.java:62)
... Removed 31 stack frames]]>
    </failure>
  </testcase> <!-- CRe4_867 -->
  <testcase name="CRe4_868" time="11.186" classname="com.create4.execution.TS_08A_SOP_Update">
    <failure type="java.lang.AssertionError" message="expected [tenty165 - SOP is created successfully] but found [Upload SOP field is required!]">
      <![CDATA[java.lang.AssertionError: expected [tenty165 - SOP is created successfully] but found [Upload SOP field is required!]
	at com.create4.scenarios.TS_08A.CRe4_868(TS_08A.java:541)
	at com.create4.execution.TS_08A_SOP_Update.CRe4_868(TS_08A_SOP_Update.java:71)
... Removed 31 stack frames]]>
    </failure>
  </testcase> <!-- CRe4_868 -->
  <testcase name="CRe4_869" time="11.724" classname="com.create4.execution.TS_08A_SOP_Update">
    <failure type="java.lang.AssertionError" message="expected [tenty76 - SOP is created successfully] but found [Upload SOP field is required!]">
      <![CDATA[java.lang.AssertionError: expected [tenty76 - SOP is created successfully] but found [Upload SOP field is required!]
	at com.create4.scenarios.TS_08A.CRe4_869(TS_08A.java:698)
	at com.create4.execution.TS_08A_SOP_Update.CRe4_869(TS_08A_SOP_Update.java:79)
... Removed 31 stack frames]]>
    </failure>
  </testcase> <!-- CRe4_869 -->
  <testcase name="CRe4_870_871_872_873_874_875" time="15.306" classname="com.create4.execution.TS_08A_SOP_Update">
    <failure type="java.lang.AssertionError" message="expected [tenty171 - SOP is created successfully] but found [Upload SOP field is required!]">
      <![CDATA[java.lang.AssertionError: expected [tenty171 - SOP is created successfully] but found [Upload SOP field is required!]
	at com.create4.scenarios.TS_08A.CRe4_870_871_872_873_874_875(TS_08A.java:821)
	at com.create4.execution.TS_08A_SOP_Update.CRe4_870_871_872_873_874_875(TS_08A_SOP_Update.java:88)
... Removed 31 stack frames]]>
    </failure>
  </testcase> <!-- CRe4_870_871_872_873_874_875 -->
  <testcase name="CRe4_906" time="8.059" classname="com.create4.execution.TS_09A_External_add"/>
  <testcase name="CRe4_907" time="9.966" classname="com.create4.execution.TS_09A_External_add"/>
  <testcase name="CRe4_908" time="9.696" classname="com.create4.execution.TS_09A_External_add"/>
  <testcase name="CRe4_909" time="15.115" classname="com.create4.execution.TS_09A_External_add"/>
  <testcase name="CRe4_893" time="6.09" classname="com.create4.execution.TS_10A_External_View"/>
  <testcase name="CRe4_898" time="10.576" classname="com.create4.execution.TS_10A_External_View"/>
  <testcase name="CRe4_899" time="12.387" classname="com.create4.execution.TS_10A_External_View"/>
  <testcase name="CRe4_900" time="13.517" classname="com.create4.execution.TS_10A_External_View"/>
  <testcase name="CRe4_901" time="15.11" classname="com.create4.execution.TS_11A_External_Update"/>
  <testcase name="CRe4_902" time="13.188" classname="com.create4.execution.TS_11A_External_Update"/>
  <testcase name="CRe4_903" time="22.07" classname="com.create4.execution.TS_11A_External_Update"/>
  <testcase name="CRe4_904" time="13.668" classname="com.create4.execution.TS_11A_External_Update"/>
  <testcase name="CRe4_905" time="14.476" classname="com.create4.execution.TS_11A_External_Update"/>
  <testcase name="CRe4_917_18_19_10" time="129.449" classname="com.create4.execution.TS_12A_Dept_add">
    <failure type="org.openqa.selenium.TimeoutException" message="Timed out after 120 seconds waiting for com.global.methods.GlobalWait$5@58a4a74d
Build info: version: &amp;apos;2.53.1&amp;apos;, revision: &amp;apos;a36b8b1cd5757287168e54b817830adce9b0158d&amp;apos;, time: &amp;apos;2016-06-30 19:26:09&amp;apos;
System info: host: &amp;apos;pushpa-PC&amp;apos;, ip: &amp;apos;20.0.0.188&amp;apos;, os.name: &amp;apos;Windows 7&amp;apos;, os.arch: &amp;apos;amd64&amp;apos;, os.version: &amp;apos;6.1&amp;apos;, java.version: &amp;apos;1.8.0_111&amp;apos;
Driver info: driver.version: unknown">
      <![CDATA[org.openqa.selenium.TimeoutException: Timed out after 120 seconds waiting for com.global.methods.GlobalWait$5@58a4a74d
Build info: version: '2.53.1', revision: 'a36b8b1cd5757287168e54b817830adce9b0158d', time: '2016-06-30 19:26:09'
System info: host: 'pushpa-PC', ip: '20.0.0.188', os.name: 'Windows 7', os.arch: 'amd64', os.version: '6.1', java.version: '1.8.0_111'
Driver info: driver.version: unknown
	at org.openqa.selenium.support.ui.FluentWait.timeoutException(FluentWait.java:292)
	at org.openqa.selenium.support.ui.FluentWait.until(FluentWait.java:261)
	at com.global.methods.GlobalWait.Wait_GetElementByCSS(GlobalWait.java:94)
	at com.create4.scenarios.TS_12A.AddDepartment_CRe4_917_18_19_10(TS_12A.java:128)
	at com.create4.execution.TS_12A_Dept_add.CRe4_917_18_19_10(TS_12A_Dept_add.java:43)
Caused by: org.openqa.selenium.NoSuchElementException: Unable to locate element: {"method":"css selector","selector":".bg-success.text-success.col-sm-12.text-center"}
Command duration or timeout: 11 milliseconds
For documentation on this error, please visit: http://seleniumhq.org/exceptions/no_such_element.html
Build info: version: '2.53.1', revision: 'a36b8b1cd5757287168e54b817830adce9b0158d', time: '2016-06-30 19:26:09'
System info: host: 'pushpa-PC', ip: '20.0.0.188', os.name: 'Windows 7', os.arch: 'amd64', os.version: '6.1', java.version: '1.8.0_111'
Driver info: org.openqa.selenium.firefox.FirefoxDriver
Capabilities [{applicationCacheEnabled=true, rotatable=false, handlesAlerts=true, databaseEnabled=true, version=47.0.2, platform=WINDOWS, nativeEvents=false, acceptSslCerts=true, webStorageEnabled=true, locationContextEnabled=true, browserName=firefox, takesScreenshot=true, javascriptEnabled=true, cssSelectorsEnabled=true}]
Session ID: fbcef4d9-2b68-4441-99a5-55686949ee85
*** Element info: {Using=css selector, value=.bg-success.text-success.col-sm-12.text-center}
	at org.openqa.selenium.remote.ErrorHandler.createThrowable(ErrorHandler.java:206)
	at org.openqa.selenium.remote.ErrorHandler.throwIfResponseFailed(ErrorHandler.java:158)
	at org.openqa.selenium.remote.RemoteWebDriver.execute(RemoteWebDriver.java:678)
	at org.openqa.selenium.remote.RemoteWebDriver.findElement(RemoteWebDriver.java:363)
	at org.openqa.selenium.remote.RemoteWebDriver.findElementByCssSelector(RemoteWebDriver.java:492)
	at org.openqa.selenium.By$ByCssSelector.findElement(By.java:430)
	at org.openqa.selenium.remote.RemoteWebDriver.findElement(RemoteWebDriver.java:355)
	at com.global.methods.GlobalWait$5.apply(GlobalWait.java:97)
	at org.openqa.selenium.support.ui.FluentWait.until(FluentWait.java:238)
	... 28 more
Caused by: org.openqa.selenium.NoSuchElementException: Unable to locate element: {"method":"css selector","selector":".bg-success.text-success.col-sm-12.text-center"}
For documentation on this error, please visit: http://seleniumhq.org/exceptions/no_such_element.html
Build info: version: '2.53.1', revision: 'a36b8b1cd5757287168e54b817830adce9b0158d', time: '2016-06-30 19:26:09'
System info: host: 'pushpa-PC', ip: '20.0.0.188', os.name: 'Windows 7', os.arch: 'amd64', os.version: '6.1', java.version: '1.8.0_111'
Driver info: driver.version: unknown
	at <anonymous class>.FirefoxDriver.prototype.findElementInternal_(file:///C:/Users/PUSHPA~1.KAM/AppData/Local/Temp/anonymous4642872848648912265webdriver-profile/extensions/fxdriver@googlecode.com/components/driver-component.js:10770)
	at <anonymous class>.FirefoxDriver.prototype.findElement(file:///C:/Users/PUSHPA~1.KAM/AppData/Local/Temp/anonymous4642872848648912265webdriver-profile/extensions/fxdriver@googlecode.com/components/driver-component.js:10779)
	at <anonymous class>.DelayedCommand.prototype.executeInternal_/h(file:///C:/Users/PUSHPA~1.KAM/AppData/Local/Temp/anonymous4642872848648912265webdriver-profile/extensions/fxdriver@googlecode.com/components/command-processor.js:12661)
	at <anonymous class>.DelayedCommand.prototype.executeInternal_(file:///C:/Users/PUSHPA~1.KAM/AppData/Local/Temp/anonymous4642872848648912265webdriver-profile/extensions/fxdriver@googlecode.com/components/command-processor.js:12666)
	at <anonymous class>.DelayedCommand.prototype.execute/<(file:///C:/Users/PUSHPA~1.KAM/AppData/Local/Temp/anonymous4642872848648912265webdriver-profile/extensions/fxdriver@googlecode.com/components/command-processor.js:12608)
... Removed 28 stack frames]]>
    </failure>
  </testcase> <!-- CRe4_917_18_19_10 -->
  <testcase name="CRe4_920" time="2.904" classname="com.create4.execution.TS_12A_Dept_add">
    <failure type="org.openqa.selenium.NoSuchElementException" message="Cannot locate element with text: unity919
For documentation on this error, please visit: http://seleniumhq.org/exceptions/no_such_element.html
Build info: version: &amp;apos;2.53.1&amp;apos;, revision: &amp;apos;a36b8b1cd5757287168e54b817830adce9b0158d&amp;apos;, time: &amp;apos;2016-06-30 19:26:09&amp;apos;
System info: host: &amp;apos;pushpa-PC&amp;apos;, ip: &amp;apos;20.0.0.188&amp;apos;, os.name: &amp;apos;Windows 7&amp;apos;, os.arch: &amp;apos;amd64&amp;apos;, os.version: &amp;apos;6.1&amp;apos;, java.version: &amp;apos;1.8.0_111&amp;apos;
Driver info: driver.version: unknown">
      <![CDATA[org.openqa.selenium.NoSuchElementException: Cannot locate element with text: unity919
For documentation on this error, please visit: http://seleniumhq.org/exceptions/no_such_element.html
Build info: version: '2.53.1', revision: 'a36b8b1cd5757287168e54b817830adce9b0158d', time: '2016-06-30 19:26:09'
System info: host: 'pushpa-PC', ip: '20.0.0.188', os.name: 'Windows 7', os.arch: 'amd64', os.version: '6.1', java.version: '1.8.0_111'
Driver info: driver.version: unknown
	at org.openqa.selenium.support.ui.Select.selectByVisibleText(Select.java:150)
	at com.create4.scenarios.TS_12A.AddDepartment_CRe4_920(TS_12A.java:236)
	at com.create4.execution.TS_12A_Dept_add.CRe4_920(TS_12A_Dept_add.java:52)
... Removed 25 stack frames]]>
    </failure>
  </testcase> <!-- CRe4_920 -->
  <testcase name="CRe4_913_CRe4_910_CRe4_914_CRe4_916" time="7.659" classname="com.create4.execution.TS_13A_Dept_Update"/>
  <testcase name="CRe4_928" time="124.676" classname="com.create4.execution.TS_14A_Qual_add">
    <failure type="org.openqa.selenium.TimeoutException" message="Timed out after 120 seconds waiting for com.global.methods.GlobalWait$5@540a903b
Build info: version: &amp;apos;2.53.1&amp;apos;, revision: &amp;apos;a36b8b1cd5757287168e54b817830adce9b0158d&amp;apos;, time: &amp;apos;2016-06-30 19:26:09&amp;apos;
System info: host: &amp;apos;pushpa-PC&amp;apos;, ip: &amp;apos;20.0.0.188&amp;apos;, os.name: &amp;apos;Windows 7&amp;apos;, os.arch: &amp;apos;amd64&amp;apos;, os.version: &amp;apos;6.1&amp;apos;, java.version: &amp;apos;1.8.0_111&amp;apos;
Driver info: driver.version: unknown">
      <![CDATA[org.openqa.selenium.TimeoutException: Timed out after 120 seconds waiting for com.global.methods.GlobalWait$5@540a903b
Build info: version: '2.53.1', revision: 'a36b8b1cd5757287168e54b817830adce9b0158d', time: '2016-06-30 19:26:09'
System info: host: 'pushpa-PC', ip: '20.0.0.188', os.name: 'Windows 7', os.arch: 'amd64', os.version: '6.1', java.version: '1.8.0_111'
Driver info: driver.version: unknown
	at org.openqa.selenium.support.ui.FluentWait.timeoutException(FluentWait.java:292)
	at org.openqa.selenium.support.ui.FluentWait.until(FluentWait.java:261)
	at com.global.methods.GlobalWait.Wait_GetElementByCSS(GlobalWait.java:94)
	at com.create4.scenarios.TS_14A.AddQualification_CRe4_928_CRe4_921_CRe4_929(TS_14A.java:91)
	at com.create4.execution.TS_14A_Qual_add.CRe4_928(TS_14A_Qual_add.java:43)
Caused by: org.openqa.selenium.NoSuchElementException: Unable to locate element: {"method":"css selector","selector":".col-sm-10.col-xs-12.main-right>h3"}
Command duration or timeout: 9 milliseconds
For documentation on this error, please visit: http://seleniumhq.org/exceptions/no_such_element.html
Build info: version: '2.53.1', revision: 'a36b8b1cd5757287168e54b817830adce9b0158d', time: '2016-06-30 19:26:09'
System info: host: 'pushpa-PC', ip: '20.0.0.188', os.name: 'Windows 7', os.arch: 'amd64', os.version: '6.1', java.version: '1.8.0_111'
Driver info: org.openqa.selenium.firefox.FirefoxDriver
Capabilities [{applicationCacheEnabled=true, rotatable=false, handlesAlerts=true, databaseEnabled=true, version=47.0.2, platform=WINDOWS, nativeEvents=false, acceptSslCerts=true, webStorageEnabled=true, locationContextEnabled=true, browserName=firefox, takesScreenshot=true, javascriptEnabled=true, cssSelectorsEnabled=true}]
Session ID: 252b234d-59b9-4e61-ae92-97df081002bd
*** Element info: {Using=css selector, value=.col-sm-10.col-xs-12.main-right>h3}
	at org.openqa.selenium.remote.ErrorHandler.createThrowable(ErrorHandler.java:206)
	at org.openqa.selenium.remote.ErrorHandler.throwIfResponseFailed(ErrorHandler.java:158)
	at org.openqa.selenium.remote.RemoteWebDriver.execute(RemoteWebDriver.java:678)
	at org.openqa.selenium.remote.RemoteWebDriver.findElement(RemoteWebDriver.java:363)
	at org.openqa.selenium.remote.RemoteWebDriver.findElementByCssSelector(RemoteWebDriver.java:492)
	at org.openqa.selenium.By$ByCssSelector.findElement(By.java:430)
	at org.openqa.selenium.remote.RemoteWebDriver.findElement(RemoteWebDriver.java:355)
	at com.global.methods.GlobalWait$5.apply(GlobalWait.java:97)
	at org.openqa.selenium.support.ui.FluentWait.until(FluentWait.java:238)
	... 28 more
Caused by: org.openqa.selenium.NoSuchElementException: Unable to locate element: {"method":"css selector","selector":".col-sm-10.col-xs-12.main-right>h3"}
For documentation on this error, please visit: http://seleniumhq.org/exceptions/no_such_element.html
Build info: version: '2.53.1', revision: 'a36b8b1cd5757287168e54b817830adce9b0158d', time: '2016-06-30 19:26:09'
System info: host: 'pushpa-PC', ip: '20.0.0.188', os.name: 'Windows 7', os.arch: 'amd64', os.version: '6.1', java.version: '1.8.0_111'
Driver info: driver.version: unknown
	at <anonymous class>.FirefoxDriver.prototype.findElementInternal_(file:///C:/Users/PUSHPA~1.KAM/AppData/Local/Temp/anonymous1100196872396174205webdriver-profile/extensions/fxdriver@googlecode.com/components/driver-component.js:10770)
	at <anonymous class>.FirefoxDriver.prototype.findElement(file:///C:/Users/PUSHPA~1.KAM/AppData/Local/Temp/anonymous1100196872396174205webdriver-profile/extensions/fxdriver@googlecode.com/components/driver-component.js:10779)
	at <anonymous class>.DelayedCommand.prototype.executeInternal_/h(file:///C:/Users/PUSHPA~1.KAM/AppData/Local/Temp/anonymous1100196872396174205webdriver-profile/extensions/fxdriver@googlecode.com/components/command-processor.js:12661)
	at <anonymous class>.DelayedCommand.prototype.executeInternal_(file:///C:/Users/PUSHPA~1.KAM/AppData/Local/Temp/anonymous1100196872396174205webdriver-profile/extensions/fxdriver@googlecode.com/components/command-processor.js:12666)
	at <anonymous class>.DelayedCommand.prototype.execute/<(file:///C:/Users/PUSHPA~1.KAM/AppData/Local/Temp/anonymous1100196872396174205webdriver-profile/extensions/fxdriver@googlecode.com/components/command-processor.js:12608)
... Removed 28 stack frames]]>
    </failure>
  </testcase> <!-- CRe4_928 -->
  <testcase name="CRe4_930" time="2.835" classname="com.create4.execution.TS_14A_Qual_add"/>
  <testcase name="CRe4_987_988" time="8.979" classname="com.create4.execution.TS_20_Mem_Update"/>
  <testcase name="CRe4_706_707" time="12.522" classname="com.create4.execution.TS_137_Othr_profile_update"/>
  <testcase name="CRe4_708" time="10.016" classname="com.create4.execution.TS_137_Othr_profile_update"/>
  <testcase name="CRe4_709" time="9.398" classname="com.create4.execution.TS_137_Othr_profile_update"/>
  <testcase name="CRe4_710" time="11.816" classname="com.create4.execution.TS_137_Othr_profile_update"/>
  <testcase name="CRe4_711_712" time="14.62" classname="com.create4.execution.TS_137_Othr_profile_update"/>
  <testcase name="CRe4_713" time="21.18" classname="com.create4.execution.TS_137_Othr_profile_update"/>
  <testcase name="CRe4_714" time="10.127" classname="com.create4.execution.TS_137_Othr_profile_update"/>
  <testcase name="CRe4_715" time="15.747" classname="com.create4.execution.TS_137_Othr_profile_update"/>
  <testcase name="CRe4_716" time="11.292" classname="com.create4.execution.TS_137_Othr_profile_update"/>
  <testcase name="CRe4_717" time="65.721" classname="com.create4.execution.TS_137_Othr_profile_update"/>
  <testcase name="CRe4_718" time="10.174" classname="com.create4.execution.TS_137_Othr_profile_update"/>
  <testcase name="CRe4_721_722" time="11.992" classname="com.create4.execution.TS_137_Othr_profile_update"/>
  <testcase name="CRe4_724_725_726_727" time="15.403" classname="com.create4.execution.TS_137_Othr_profile_update"/>
  <testcase name="CRe4_1064_65" time="10.311" classname="com.create4.execution.TS_22_Ethic_add"/>
  <testcase name="CRe4_1066_1067" time="9.209" classname="com.create4.execution.TS_22_Ethic_add"/>
  <testcase name="CRe4_1070_71_1085_80_to_85" time="5.939" classname="com.create4.execution.TS_22_Ethic_add">
    <failure type="org.openqa.selenium.NoSuchElementException" message="Unable to locate element: {&amp;quot;method&amp;quot;:&amp;quot;id&amp;quot;,&amp;quot;selector&amp;quot;:&amp;quot;add_iec_member_first_name&amp;quot;}
Command duration or timeout: 290 milliseconds
For documentation on this error, please visit: http://seleniumhq.org/exceptions/no_such_element.html
Build info: version: &amp;apos;2.53.1&amp;apos;, revision: &amp;apos;a36b8b1cd5757287168e54b817830adce9b0158d&amp;apos;, time: &amp;apos;2016-06-30 19:26:09&amp;apos;
System info: host: &amp;apos;pushpa-PC&amp;apos;, ip: &amp;apos;20.0.0.188&amp;apos;, os.name: &amp;apos;Windows 7&amp;apos;, os.arch: &amp;apos;amd64&amp;apos;, os.version: &amp;apos;6.1&amp;apos;, java.version: &amp;apos;1.8.0_111&amp;apos;
Driver info: org.openqa.selenium.firefox.FirefoxDriver
Capabilities [{applicationCacheEnabled=true, rotatable=false, handlesAlerts=true, databaseEnabled=true, version=47.0.2, platform=WINDOWS, nativeEvents=false, acceptSslCerts=true, webStorageEnabled=true, locationContextEnabled=true, browserName=firefox, takesScreenshot=true, javascriptEnabled=true, cssSelectorsEnabled=true}]
Session ID: 5ad1746d-5b3b-4483-a49c-eb0f74b55bbe
*** Element info: {Using=id, value=add_iec_member_first_name}">
      <![CDATA[org.openqa.selenium.NoSuchElementException: Unable to locate element: {"method":"id","selector":"add_iec_member_first_name"}
Command duration or timeout: 290 milliseconds
For documentation on this error, please visit: http://seleniumhq.org/exceptions/no_such_element.html
Build info: version: '2.53.1', revision: 'a36b8b1cd5757287168e54b817830adce9b0158d', time: '2016-06-30 19:26:09'
System info: host: 'pushpa-PC', ip: '20.0.0.188', os.name: 'Windows 7', os.arch: 'amd64', os.version: '6.1', java.version: '1.8.0_111'
Driver info: org.openqa.selenium.firefox.FirefoxDriver
Capabilities [{applicationCacheEnabled=true, rotatable=false, handlesAlerts=true, databaseEnabled=true, version=47.0.2, platform=WINDOWS, nativeEvents=false, acceptSslCerts=true, webStorageEnabled=true, locationContextEnabled=true, browserName=firefox, takesScreenshot=true, javascriptEnabled=true, cssSelectorsEnabled=true}]
Session ID: 5ad1746d-5b3b-4483-a49c-eb0f74b55bbe
*** Element info: {Using=id, value=add_iec_member_first_name}
	at org.openqa.selenium.remote.ErrorHandler.createThrowable(ErrorHandler.java:206)
	at org.openqa.selenium.remote.ErrorHandler.throwIfResponseFailed(ErrorHandler.java:158)
	at org.openqa.selenium.remote.RemoteWebDriver.execute(RemoteWebDriver.java:678)
	at org.openqa.selenium.remote.RemoteWebDriver.findElement(RemoteWebDriver.java:363)
	at org.openqa.selenium.remote.RemoteWebDriver.findElementById(RemoteWebDriver.java:413)
	at org.openqa.selenium.By$ById.findElement(By.java:218)
	at org.openqa.selenium.remote.RemoteWebDriver.findElement(RemoteWebDriver.java:355)
	at org.openqa.selenium.support.pagefactory.DefaultElementLocator.findElement(DefaultElementLocator.java:69)
	at org.openqa.selenium.support.pagefactory.internal.LocatingElementHandler.invoke(LocatingElementHandler.java:38)
	at com.sun.proxy.$Proxy7.sendKeys(Unknown Source)
	at com.create4.scenarios.TS_22.CRe4_1070_71_1085_80_to_85(TS_22.java:514)
	at com.create4.execution.TS_22_Ethic_add.CRe4_1070_71_1085_80_to_85(TS_22_Ethic_add.java:59)
Caused by: org.openqa.selenium.NoSuchElementException: Unable to locate element: {"method":"id","selector":"add_iec_member_first_name"}
For documentation on this error, please visit: http://seleniumhq.org/exceptions/no_such_element.html
Build info: version: '2.53.1', revision: 'a36b8b1cd5757287168e54b817830adce9b0158d', time: '2016-06-30 19:26:09'
System info: host: 'pushpa-PC', ip: '20.0.0.188', os.name: 'Windows 7', os.arch: 'amd64', os.version: '6.1', java.version: '1.8.0_111'
Driver info: driver.version: unknown
	at <anonymous class>.FirefoxDriver.prototype.findElementInternal_(file:///C:/Users/PUSHPA~1.KAM/AppData/Local/Temp/anonymous9173358423533406110webdriver-profile/extensions/fxdriver@googlecode.com/components/driver-component.js:10770)
	at <anonymous class>.FirefoxDriver.prototype.findElement(file:///C:/Users/PUSHPA~1.KAM/AppData/Local/Temp/anonymous9173358423533406110webdriver-profile/extensions/fxdriver@googlecode.com/components/driver-component.js:10779)
	at <anonymous class>.DelayedCommand.prototype.executeInternal_/h(file:///C:/Users/PUSHPA~1.KAM/AppData/Local/Temp/anonymous9173358423533406110webdriver-profile/extensions/fxdriver@googlecode.com/components/command-processor.js:12661)
	at <anonymous class>.DelayedCommand.prototype.executeInternal_(file:///C:/Users/PUSHPA~1.KAM/AppData/Local/Temp/anonymous9173358423533406110webdriver-profile/extensions/fxdriver@googlecode.com/components/command-processor.js:12666)
	at <anonymous class>.DelayedCommand.prototype.execute/<(file:///C:/Users/PUSHPA~1.KAM/AppData/Local/Temp/anonymous9173358423533406110webdriver-profile/extensions/fxdriver@googlecode.com/components/command-processor.js:12608)
... Removed 28 stack frames]]>
    </failure>
  </testcase> <!-- CRe4_1070_71_1085_80_to_85 -->
  <testcase name="CRe4_1077" time="8.591" classname="com.create4.execution.TS_22_Ethic_add"/>
  <testcase name="CRe4_1078" time="6.673" classname="com.create4.execution.TS_22_Ethic_add">
    <failure type="org.openqa.selenium.UnhandledAlertException" message="Unexpected modal dialog (text: Please check that you accept the Terms and Conditions): Please check that you accept the Terms and Conditions
Build info: version: &amp;apos;2.53.1&amp;apos;, revision: &amp;apos;a36b8b1cd5757287168e54b817830adce9b0158d&amp;apos;, time: &amp;apos;2016-06-30 19:26:09&amp;apos;
System info: host: &amp;apos;pushpa-PC&amp;apos;, ip: &amp;apos;20.0.0.188&amp;apos;, os.name: &amp;apos;Windows 7&amp;apos;, os.arch: &amp;apos;amd64&amp;apos;, os.version: &amp;apos;6.1&amp;apos;, java.version: &amp;apos;1.8.0_111&amp;apos;
Driver info: org.openqa.selenium.firefox.FirefoxDriver
Capabilities [{applicationCacheEnabled=true, rotatable=false, handlesAlerts=true, databaseEnabled=true, version=47.0.2, platform=WINDOWS, nativeEvents=false, acceptSslCerts=true, webStorageEnabled=true, locationContextEnabled=true, browserName=firefox, takesScreenshot=true, javascriptEnabled=true, cssSelectorsEnabled=true}]
Session ID: eec3d579-c21c-4b3c-bf94-d68410547592
*** Element info: {Using=link text, value=Home}">
      <![CDATA[org.openqa.selenium.UnhandledAlertException: Unexpected modal dialog (text: Please check that you accept the Terms and Conditions): Please check that you accept the Terms and Conditions
Build info: version: '2.53.1', revision: 'a36b8b1cd5757287168e54b817830adce9b0158d', time: '2016-06-30 19:26:09'
System info: host: 'pushpa-PC', ip: '20.0.0.188', os.name: 'Windows 7', os.arch: 'amd64', os.version: '6.1', java.version: '1.8.0_111'
Driver info: org.openqa.selenium.firefox.FirefoxDriver
Capabilities [{applicationCacheEnabled=true, rotatable=false, handlesAlerts=true, databaseEnabled=true, version=47.0.2, platform=WINDOWS, nativeEvents=false, acceptSslCerts=true, webStorageEnabled=true, locationContextEnabled=true, browserName=firefox, takesScreenshot=true, javascriptEnabled=true, cssSelectorsEnabled=true}]
Session ID: eec3d579-c21c-4b3c-bf94-d68410547592
*** Element info: {Using=link text, value=Home}
	at org.openqa.selenium.remote.ErrorHandler.createThrowable(ErrorHandler.java:206)
	at org.openqa.selenium.remote.ErrorHandler.createUnhandledAlertException(ErrorHandler.java:187)
	at org.openqa.selenium.remote.ErrorHandler.throwIfResponseFailed(ErrorHandler.java:154)
	at org.openqa.selenium.remote.RemoteWebDriver.execute(RemoteWebDriver.java:678)
	at org.openqa.selenium.remote.RemoteWebDriver.findElement(RemoteWebDriver.java:363)
	at org.openqa.selenium.remote.RemoteWebDriver.findElementByLinkText(RemoteWebDriver.java:428)
	at org.openqa.selenium.By$ByLinkText.findElement(By.java:246)
	at org.openqa.selenium.remote.RemoteWebDriver.findElement(RemoteWebDriver.java:355)
	at com.global.methods.GlobalWait$6.apply(GlobalWait.java:111)
	at org.openqa.selenium.support.ui.FluentWait.until(FluentWait.java:238)
	at com.global.methods.GlobalWait.Wait_GetElementByLinkText(GlobalWait.java:108)
	at com.create4.scenarios.TS_22.CRe4_1078(TS_22.java:825)
	at com.create4.execution.TS_22_Ethic_add.CRe4_1078(TS_22_Ethic_add.java:77)
... Removed 29 stack frames]]>
    </failure>
  </testcase> <!-- CRe4_1078 -->
  <testcase name="CRe4_1079" time="9.534" classname="com.create4.execution.TS_22_Ethic_add"/>
  <testcase name="CRe4_1080" time="8.297" classname="com.create4.execution.TS_22_Ethic_add"/>
  <testcase name="CRe4_1095_to_1100_1101_1102" time="8.052" classname="com.create4.execution.TS_22_Ethic_add"/>
  <testcase name="CRe4_1105" time="3.902" classname="com.create4.execution.TS_24_Ethic_Update">
    <failure type="org.openqa.selenium.ElementNotVisibleException" message="Element is not currently visible and so may not be interacted with
Command duration or timeout: 9 milliseconds
Build info: version: &amp;apos;2.53.1&amp;apos;, revision: &amp;apos;a36b8b1cd5757287168e54b817830adce9b0158d&amp;apos;, time: &amp;apos;2016-06-30 19:26:09&amp;apos;
System info: host: &amp;apos;pushpa-PC&amp;apos;, ip: &amp;apos;20.0.0.188&amp;apos;, os.name: &amp;apos;Windows 7&amp;apos;, os.arch: &amp;apos;amd64&amp;apos;, os.version: &amp;apos;6.1&amp;apos;, java.version: &amp;apos;1.8.0_111&amp;apos;
Driver info: org.openqa.selenium.firefox.FirefoxDriver
Capabilities [{applicationCacheEnabled=true, rotatable=false, handlesAlerts=true, databaseEnabled=true, version=47.0.2, platform=WINDOWS, nativeEvents=false, acceptSslCerts=true, webStorageEnabled=true, locationContextEnabled=true, browserName=firefox, takesScreenshot=true, javascriptEnabled=true, cssSelectorsEnabled=true}]
Session ID: a85bd1f5-4a37-4d71-8859-99b4922e2a50">
      <![CDATA[org.openqa.selenium.ElementNotVisibleException: Element is not currently visible and so may not be interacted with
Command duration or timeout: 9 milliseconds
Build info: version: '2.53.1', revision: 'a36b8b1cd5757287168e54b817830adce9b0158d', time: '2016-06-30 19:26:09'
System info: host: 'pushpa-PC', ip: '20.0.0.188', os.name: 'Windows 7', os.arch: 'amd64', os.version: '6.1', java.version: '1.8.0_111'
Driver info: org.openqa.selenium.firefox.FirefoxDriver
Capabilities [{applicationCacheEnabled=true, rotatable=false, handlesAlerts=true, databaseEnabled=true, version=47.0.2, platform=WINDOWS, nativeEvents=false, acceptSslCerts=true, webStorageEnabled=true, locationContextEnabled=true, browserName=firefox, takesScreenshot=true, javascriptEnabled=true, cssSelectorsEnabled=true}]
Session ID: a85bd1f5-4a37-4d71-8859-99b4922e2a50
	at org.openqa.selenium.remote.ErrorHandler.createThrowable(ErrorHandler.java:206)
	at org.openqa.selenium.remote.ErrorHandler.throwIfResponseFailed(ErrorHandler.java:158)
	at org.openqa.selenium.remote.RemoteWebDriver.execute(RemoteWebDriver.java:678)
	at org.openqa.selenium.remote.RemoteWebElement.execute(RemoteWebElement.java:327)
	at org.openqa.selenium.remote.RemoteWebElement.click(RemoteWebElement.java:85)
	at com.create4.scenarios.TS_24.CRe4_1105(TS_24.java:72)
	at com.create4.execution.TS_24_Ethic_Update.CRe4_1105(TS_24_Ethic_Update.java:41)
Caused by: org.openqa.selenium.ElementNotVisibleException: Element is not currently visible and so may not be interacted with
Build info: version: '2.53.1', revision: 'a36b8b1cd5757287168e54b817830adce9b0158d', time: '2016-06-30 19:26:09'
System info: host: 'pushpa-PC', ip: '20.0.0.188', os.name: 'Windows 7', os.arch: 'amd64', os.version: '6.1', java.version: '1.8.0_111'
Driver info: driver.version: unknown
	at <anonymous class>.fxdriver.preconditions.visible(file:///C:/Users/PUSHPA~1.KAM/AppData/Local/Temp/anonymous9164823719613576842webdriver-profile/extensions/fxdriver@googlecode.com/components/command-processor.js:10092)
	at <anonymous class>.DelayedCommand.prototype.checkPreconditions_(file:///C:/Users/PUSHPA~1.KAM/AppData/Local/Temp/anonymous9164823719613576842webdriver-profile/extensions/fxdriver@googlecode.com/components/command-processor.js:12644)
	at <anonymous class>.DelayedCommand.prototype.executeInternal_/h(file:///C:/Users/PUSHPA~1.KAM/AppData/Local/Temp/anonymous9164823719613576842webdriver-profile/extensions/fxdriver@googlecode.com/components/command-processor.js:12661)
	at <anonymous class>.DelayedCommand.prototype.executeInternal_(file:///C:/Users/PUSHPA~1.KAM/AppData/Local/Temp/anonymous9164823719613576842webdriver-profile/extensions/fxdriver@googlecode.com/components/command-processor.js:12666)
	at <anonymous class>.DelayedCommand.prototype.execute/<(file:///C:/Users/PUSHPA~1.KAM/AppData/Local/Temp/anonymous9164823719613576842webdriver-profile/extensions/fxdriver@googlecode.com/components/command-processor.js:12608)
... Removed 29 stack frames]]>
    </failure>
  </testcase> <!-- CRe4_1105 -->
  <testcase name="CRe4_1106" time="12.192" classname="com.create4.execution.TS_24_Ethic_Update"/>
  <testcase name="CRe4_1108" time="9.363" classname="com.create4.execution.TS_24_Ethic_Update">
    <failure type="org.openqa.selenium.NoSuchElementException" message="Cannot locate element with text: IEC Member two
For documentation on this error, please visit: http://seleniumhq.org/exceptions/no_such_element.html
Build info: version: &amp;apos;2.53.1&amp;apos;, revision: &amp;apos;a36b8b1cd5757287168e54b817830adce9b0158d&amp;apos;, time: &amp;apos;2016-06-30 19:26:09&amp;apos;
System info: host: &amp;apos;pushpa-PC&amp;apos;, ip: &amp;apos;20.0.0.188&amp;apos;, os.name: &amp;apos;Windows 7&amp;apos;, os.arch: &amp;apos;amd64&amp;apos;, os.version: &amp;apos;6.1&amp;apos;, java.version: &amp;apos;1.8.0_111&amp;apos;
Driver info: driver.version: unknown">
      <![CDATA[org.openqa.selenium.NoSuchElementException: Cannot locate element with text: IEC Member two
For documentation on this error, please visit: http://seleniumhq.org/exceptions/no_such_element.html
Build info: version: '2.53.1', revision: 'a36b8b1cd5757287168e54b817830adce9b0158d', time: '2016-06-30 19:26:09'
System info: host: 'pushpa-PC', ip: '20.0.0.188', os.name: 'Windows 7', os.arch: 'amd64', os.version: '6.1', java.version: '1.8.0_111'
Driver info: driver.version: unknown
	at org.openqa.selenium.support.ui.Select.selectByVisibleText(Select.java:150)
	at com.create4.scenarios.TS_24.CRe4_1108(TS_24.java:262)
	at com.create4.execution.TS_24_Ethic_Update.CRe4_1108(TS_24_Ethic_Update.java:57)
... Removed 25 stack frames]]>
    </failure>
  </testcase> <!-- CRe4_1108 -->
  <testcase name="CRe4_1145" time="8.546" classname="com.create4.execution.TS_35_Announcement_add"/>
  <testcase name="CRe4_1146" time="9.293" classname="com.create4.execution.TS_35_Announcement_add"/>
  <testcase name="CRe4_1147_48" time="11.444" classname="com.create4.execution.TS_35_Announcement_add">
    <failure type="org.openqa.selenium.NoSuchElementException" message="Unable to locate element: {&amp;quot;method&amp;quot;:&amp;quot;xpath&amp;quot;,&amp;quot;selector&amp;quot;:&amp;quot;//form[@id=&amp;apos;manageannouncementlist&amp;apos;]/div/p&amp;quot;}
Command duration or timeout: 17 milliseconds
For documentation on this error, please visit: http://seleniumhq.org/exceptions/no_such_element.html
Build info: version: &amp;apos;2.53.1&amp;apos;, revision: &amp;apos;a36b8b1cd5757287168e54b817830adce9b0158d&amp;apos;, time: &amp;apos;2016-06-30 19:26:09&amp;apos;
System info: host: &amp;apos;pushpa-PC&amp;apos;, ip: &amp;apos;20.0.0.188&amp;apos;, os.name: &amp;apos;Windows 7&amp;apos;, os.arch: &amp;apos;amd64&amp;apos;, os.version: &amp;apos;6.1&amp;apos;, java.version: &amp;apos;1.8.0_111&amp;apos;
Driver info: org.openqa.selenium.firefox.FirefoxDriver
Capabilities [{applicationCacheEnabled=true, rotatable=false, handlesAlerts=true, databaseEnabled=true, version=47.0.2, platform=WINDOWS, nativeEvents=false, acceptSslCerts=true, webStorageEnabled=true, locationContextEnabled=true, browserName=firefox, takesScreenshot=true, javascriptEnabled=true, cssSelectorsEnabled=true}]
Session ID: c13cf6c5-be01-4520-9de0-7b4db09b1191
*** Element info: {Using=xpath, value=//form[@id=&amp;apos;manageannouncementlist&amp;apos;]/div/p}">
      <![CDATA[org.openqa.selenium.NoSuchElementException: Unable to locate element: {"method":"xpath","selector":"//form[@id='manageannouncementlist']/div/p"}
Command duration or timeout: 17 milliseconds
For documentation on this error, please visit: http://seleniumhq.org/exceptions/no_such_element.html
Build info: version: '2.53.1', revision: 'a36b8b1cd5757287168e54b817830adce9b0158d', time: '2016-06-30 19:26:09'
System info: host: 'pushpa-PC', ip: '20.0.0.188', os.name: 'Windows 7', os.arch: 'amd64', os.version: '6.1', java.version: '1.8.0_111'
Driver info: org.openqa.selenium.firefox.FirefoxDriver
Capabilities [{applicationCacheEnabled=true, rotatable=false, handlesAlerts=true, databaseEnabled=true, version=47.0.2, platform=WINDOWS, nativeEvents=false, acceptSslCerts=true, webStorageEnabled=true, locationContextEnabled=true, browserName=firefox, takesScreenshot=true, javascriptEnabled=true, cssSelectorsEnabled=true}]
Session ID: c13cf6c5-be01-4520-9de0-7b4db09b1191
*** Element info: {Using=xpath, value=//form[@id='manageannouncementlist']/div/p}
	at org.openqa.selenium.remote.ErrorHandler.createThrowable(ErrorHandler.java:206)
	at org.openqa.selenium.remote.ErrorHandler.throwIfResponseFailed(ErrorHandler.java:158)
	at org.openqa.selenium.remote.RemoteWebDriver.execute(RemoteWebDriver.java:678)
	at org.openqa.selenium.remote.RemoteWebDriver.findElement(RemoteWebDriver.java:363)
	at org.openqa.selenium.remote.RemoteWebDriver.findElementByXPath(RemoteWebDriver.java:500)
	at org.openqa.selenium.By$ByXPath.findElement(By.java:361)
	at org.openqa.selenium.remote.RemoteWebDriver.findElement(RemoteWebDriver.java:355)
	at org.openqa.selenium.support.pagefactory.DefaultElementLocator.findElement(DefaultElementLocator.java:69)
	at org.openqa.selenium.support.pagefactory.internal.LocatingElementHandler.invoke(LocatingElementHandler.java:38)
	at com.sun.proxy.$Proxy7.getText(Unknown Source)
	at com.create4.scenarios.TS_35.CRe4_1147_48(TS_35.java:318)
	at com.create4.execution.TS_35_Announcement_add.CRe4_1147_48(TS_35_Announcement_add.java:57)
Caused by: org.openqa.selenium.NoSuchElementException: Unable to locate element: {"method":"xpath","selector":"//form[@id='manageannouncementlist']/div/p"}
For documentation on this error, please visit: http://seleniumhq.org/exceptions/no_such_element.html
Build info: version: '2.53.1', revision: 'a36b8b1cd5757287168e54b817830adce9b0158d', time: '2016-06-30 19:26:09'
System info: host: 'pushpa-PC', ip: '20.0.0.188', os.name: 'Windows 7', os.arch: 'amd64', os.version: '6.1', java.version: '1.8.0_111'
Driver info: driver.version: unknown
	at <anonymous class>.FirefoxDriver.prototype.findElementInternal_(file:///C:/Users/PUSHPA~1.KAM/AppData/Local/Temp/anonymous8328904129185752801webdriver-profile/extensions/fxdriver@googlecode.com/components/driver-component.js:10770)
	at <anonymous class>.FirefoxDriver.prototype.findElement(file:///C:/Users/PUSHPA~1.KAM/AppData/Local/Temp/anonymous8328904129185752801webdriver-profile/extensions/fxdriver@googlecode.com/components/driver-component.js:10779)
	at <anonymous class>.DelayedCommand.prototype.executeInternal_/h(file:///C:/Users/PUSHPA~1.KAM/AppData/Local/Temp/anonymous8328904129185752801webdriver-profile/extensions/fxdriver@googlecode.com/components/command-processor.js:12661)
	at <anonymous class>.DelayedCommand.prototype.executeInternal_(file:///C:/Users/PUSHPA~1.KAM/AppData/Local/Temp/anonymous8328904129185752801webdriver-profile/extensions/fxdriver@googlecode.com/components/command-processor.js:12666)
	at <anonymous class>.DelayedCommand.prototype.execute/<(file:///C:/Users/PUSHPA~1.KAM/AppData/Local/Temp/anonymous8328904129185752801webdriver-profile/extensions/fxdriver@googlecode.com/components/command-processor.js:12608)
... Removed 28 stack frames]]>
    </failure>
  </testcase> <!-- CRe4_1147_48 -->
  <testcase name="CRe4_1149_53" time="8.312" classname="com.create4.execution.TS_35_Announcement_add">
    <failure type="org.openqa.selenium.NoSuchElementException" message="Unable to locate element: {&amp;quot;method&amp;quot;:&amp;quot;xpath&amp;quot;,&amp;quot;selector&amp;quot;:&amp;quot;//form[@id=&amp;apos;manageannouncementlist&amp;apos;]/div/p&amp;quot;}
Command duration or timeout: 11 milliseconds
For documentation on this error, please visit: http://seleniumhq.org/exceptions/no_such_element.html
Build info: version: &amp;apos;2.53.1&amp;apos;, revision: &amp;apos;a36b8b1cd5757287168e54b817830adce9b0158d&amp;apos;, time: &amp;apos;2016-06-30 19:26:09&amp;apos;
System info: host: &amp;apos;pushpa-PC&amp;apos;, ip: &amp;apos;20.0.0.188&amp;apos;, os.name: &amp;apos;Windows 7&amp;apos;, os.arch: &amp;apos;amd64&amp;apos;, os.version: &amp;apos;6.1&amp;apos;, java.version: &amp;apos;1.8.0_111&amp;apos;
Driver info: org.openqa.selenium.firefox.FirefoxDriver
Capabilities [{applicationCacheEnabled=true, rotatable=false, handlesAlerts=true, databaseEnabled=true, version=47.0.2, platform=WINDOWS, nativeEvents=false, acceptSslCerts=true, webStorageEnabled=true, locationContextEnabled=true, browserName=firefox, takesScreenshot=true, javascriptEnabled=true, cssSelectorsEnabled=true}]
Session ID: 26ab0de3-d8d1-4dbe-b73a-6d8547234fb4
*** Element info: {Using=xpath, value=//form[@id=&amp;apos;manageannouncementlist&amp;apos;]/div/p}">
      <![CDATA[org.openqa.selenium.NoSuchElementException: Unable to locate element: {"method":"xpath","selector":"//form[@id='manageannouncementlist']/div/p"}
Command duration or timeout: 11 milliseconds
For documentation on this error, please visit: http://seleniumhq.org/exceptions/no_such_element.html
Build info: version: '2.53.1', revision: 'a36b8b1cd5757287168e54b817830adce9b0158d', time: '2016-06-30 19:26:09'
System info: host: 'pushpa-PC', ip: '20.0.0.188', os.name: 'Windows 7', os.arch: 'amd64', os.version: '6.1', java.version: '1.8.0_111'
Driver info: org.openqa.selenium.firefox.FirefoxDriver
Capabilities [{applicationCacheEnabled=true, rotatable=false, handlesAlerts=true, databaseEnabled=true, version=47.0.2, platform=WINDOWS, nativeEvents=false, acceptSslCerts=true, webStorageEnabled=true, locationContextEnabled=true, browserName=firefox, takesScreenshot=true, javascriptEnabled=true, cssSelectorsEnabled=true}]
Session ID: 26ab0de3-d8d1-4dbe-b73a-6d8547234fb4
*** Element info: {Using=xpath, value=//form[@id='manageannouncementlist']/div/p}
	at org.openqa.selenium.remote.ErrorHandler.createThrowable(ErrorHandler.java:206)
	at org.openqa.selenium.remote.ErrorHandler.throwIfResponseFailed(ErrorHandler.java:158)
	at org.openqa.selenium.remote.RemoteWebDriver.execute(RemoteWebDriver.java:678)
	at org.openqa.selenium.remote.RemoteWebDriver.findElement(RemoteWebDriver.java:363)
	at org.openqa.selenium.remote.RemoteWebDriver.findElementByXPath(RemoteWebDriver.java:500)
	at org.openqa.selenium.By$ByXPath.findElement(By.java:361)
	at org.openqa.selenium.remote.RemoteWebDriver.findElement(RemoteWebDriver.java:355)
	at org.openqa.selenium.support.pagefactory.DefaultElementLocator.findElement(DefaultElementLocator.java:69)
	at org.openqa.selenium.support.pagefactory.internal.LocatingElementHandler.invoke(LocatingElementHandler.java:38)
	at com.sun.proxy.$Proxy7.getText(Unknown Source)
	at com.create4.scenarios.TS_35.CRe4_1149_53(TS_35.java:450)
	at com.create4.execution.TS_35_Announcement_add.CRe4_1149_53(TS_35_Announcement_add.java:65)
Caused by: org.openqa.selenium.NoSuchElementException: Unable to locate element: {"method":"xpath","selector":"//form[@id='manageannouncementlist']/div/p"}
For documentation on this error, please visit: http://seleniumhq.org/exceptions/no_such_element.html
Build info: version: '2.53.1', revision: 'a36b8b1cd5757287168e54b817830adce9b0158d', time: '2016-06-30 19:26:09'
System info: host: 'pushpa-PC', ip: '20.0.0.188', os.name: 'Windows 7', os.arch: 'amd64', os.version: '6.1', java.version: '1.8.0_111'
Driver info: driver.version: unknown
	at <anonymous class>.FirefoxDriver.prototype.findElementInternal_(file:///C:/Users/PUSHPA~1.KAM/AppData/Local/Temp/anonymous2844024160792370586webdriver-profile/extensions/fxdriver@googlecode.com/components/driver-component.js:10770)
	at <anonymous class>.FirefoxDriver.prototype.findElement(file:///C:/Users/PUSHPA~1.KAM/AppData/Local/Temp/anonymous2844024160792370586webdriver-profile/extensions/fxdriver@googlecode.com/components/driver-component.js:10779)
	at <anonymous class>.DelayedCommand.prototype.executeInternal_/h(file:///C:/Users/PUSHPA~1.KAM/AppData/Local/Temp/anonymous2844024160792370586webdriver-profile/extensions/fxdriver@googlecode.com/components/command-processor.js:12661)
	at <anonymous class>.DelayedCommand.prototype.executeInternal_(file:///C:/Users/PUSHPA~1.KAM/AppData/Local/Temp/anonymous2844024160792370586webdriver-profile/extensions/fxdriver@googlecode.com/components/command-processor.js:12666)
	at <anonymous class>.DelayedCommand.prototype.execute/<(file:///C:/Users/PUSHPA~1.KAM/AppData/Local/Temp/anonymous2844024160792370586webdriver-profile/extensions/fxdriver@googlecode.com/components/command-processor.js:12608)
... Removed 28 stack frames]]>
    </failure>
  </testcase> <!-- CRe4_1149_53 -->
  <testcase name="CRe4_1150_51_52" time="12.238" classname="com.create4.execution.TS_35_Announcement_add">
    <failure type="org.openqa.selenium.NoSuchElementException" message="Unable to locate element: {&amp;quot;method&amp;quot;:&amp;quot;xpath&amp;quot;,&amp;quot;selector&amp;quot;:&amp;quot;//form[@id=&amp;apos;manageannouncementlist&amp;apos;]/div/p&amp;quot;}
Command duration or timeout: 13 milliseconds
For documentation on this error, please visit: http://seleniumhq.org/exceptions/no_such_element.html
Build info: version: &amp;apos;2.53.1&amp;apos;, revision: &amp;apos;a36b8b1cd5757287168e54b817830adce9b0158d&amp;apos;, time: &amp;apos;2016-06-30 19:26:09&amp;apos;
System info: host: &amp;apos;pushpa-PC&amp;apos;, ip: &amp;apos;20.0.0.188&amp;apos;, os.name: &amp;apos;Windows 7&amp;apos;, os.arch: &amp;apos;amd64&amp;apos;, os.version: &amp;apos;6.1&amp;apos;, java.version: &amp;apos;1.8.0_111&amp;apos;
Driver info: org.openqa.selenium.firefox.FirefoxDriver
Capabilities [{applicationCacheEnabled=true, rotatable=false, handlesAlerts=true, databaseEnabled=true, version=47.0.2, platform=WINDOWS, nativeEvents=false, acceptSslCerts=true, webStorageEnabled=true, locationContextEnabled=true, browserName=firefox, takesScreenshot=true, javascriptEnabled=true, cssSelectorsEnabled=true}]
Session ID: 76ceac30-25c0-40ca-8e79-04caf61c41e4
*** Element info: {Using=xpath, value=//form[@id=&amp;apos;manageannouncementlist&amp;apos;]/div/p}">
      <![CDATA[org.openqa.selenium.NoSuchElementException: Unable to locate element: {"method":"xpath","selector":"//form[@id='manageannouncementlist']/div/p"}
Command duration or timeout: 13 milliseconds
For documentation on this error, please visit: http://seleniumhq.org/exceptions/no_such_element.html
Build info: version: '2.53.1', revision: 'a36b8b1cd5757287168e54b817830adce9b0158d', time: '2016-06-30 19:26:09'
System info: host: 'pushpa-PC', ip: '20.0.0.188', os.name: 'Windows 7', os.arch: 'amd64', os.version: '6.1', java.version: '1.8.0_111'
Driver info: org.openqa.selenium.firefox.FirefoxDriver
Capabilities [{applicationCacheEnabled=true, rotatable=false, handlesAlerts=true, databaseEnabled=true, version=47.0.2, platform=WINDOWS, nativeEvents=false, acceptSslCerts=true, webStorageEnabled=true, locationContextEnabled=true, browserName=firefox, takesScreenshot=true, javascriptEnabled=true, cssSelectorsEnabled=true}]
Session ID: 76ceac30-25c0-40ca-8e79-04caf61c41e4
*** Element info: {Using=xpath, value=//form[@id='manageannouncementlist']/div/p}
	at org.openqa.selenium.remote.ErrorHandler.createThrowable(ErrorHandler.java:206)
	at org.openqa.selenium.remote.ErrorHandler.throwIfResponseFailed(ErrorHandler.java:158)
	at org.openqa.selenium.remote.RemoteWebDriver.execute(RemoteWebDriver.java:678)
	at org.openqa.selenium.remote.RemoteWebDriver.findElement(RemoteWebDriver.java:363)
	at org.openqa.selenium.remote.RemoteWebDriver.findElementByXPath(RemoteWebDriver.java:500)
	at org.openqa.selenium.By$ByXPath.findElement(By.java:361)
	at org.openqa.selenium.remote.RemoteWebDriver.findElement(RemoteWebDriver.java:355)
	at org.openqa.selenium.support.pagefactory.DefaultElementLocator.findElement(DefaultElementLocator.java:69)
	at org.openqa.selenium.support.pagefactory.internal.LocatingElementHandler.invoke(LocatingElementHandler.java:38)
	at com.sun.proxy.$Proxy7.getText(Unknown Source)
	at com.create4.scenarios.TS_35.CRe4_1150_51_52(TS_35.java:572)
	at com.create4.execution.TS_35_Announcement_add.CRe4_1150_51_52(TS_35_Announcement_add.java:73)
Caused by: org.openqa.selenium.NoSuchElementException: Unable to locate element: {"method":"xpath","selector":"//form[@id='manageannouncementlist']/div/p"}
For documentation on this error, please visit: http://seleniumhq.org/exceptions/no_such_element.html
Build info: version: '2.53.1', revision: 'a36b8b1cd5757287168e54b817830adce9b0158d', time: '2016-06-30 19:26:09'
System info: host: 'pushpa-PC', ip: '20.0.0.188', os.name: 'Windows 7', os.arch: 'amd64', os.version: '6.1', java.version: '1.8.0_111'
Driver info: driver.version: unknown
	at <anonymous class>.FirefoxDriver.prototype.findElementInternal_(file:///C:/Users/PUSHPA~1.KAM/AppData/Local/Temp/anonymous2098353574440130513webdriver-profile/extensions/fxdriver@googlecode.com/components/driver-component.js:10770)
	at <anonymous class>.FirefoxDriver.prototype.findElement(file:///C:/Users/PUSHPA~1.KAM/AppData/Local/Temp/anonymous2098353574440130513webdriver-profile/extensions/fxdriver@googlecode.com/components/driver-component.js:10779)
	at <anonymous class>.DelayedCommand.prototype.executeInternal_/h(file:///C:/Users/PUSHPA~1.KAM/AppData/Local/Temp/anonymous2098353574440130513webdriver-profile/extensions/fxdriver@googlecode.com/components/command-processor.js:12661)
	at <anonymous class>.DelayedCommand.prototype.executeInternal_(file:///C:/Users/PUSHPA~1.KAM/AppData/Local/Temp/anonymous2098353574440130513webdriver-profile/extensions/fxdriver@googlecode.com/components/command-processor.js:12666)
	at <anonymous class>.DelayedCommand.prototype.execute/<(file:///C:/Users/PUSHPA~1.KAM/AppData/Local/Temp/anonymous2098353574440130513webdriver-profile/extensions/fxdriver@googlecode.com/components/command-processor.js:12608)
... Removed 28 stack frames]]>
    </failure>
  </testcase> <!-- CRe4_1150_51_52 -->
  <testcase name="CRe4_1136_37_38" time="7.804" classname="com.create4.execution.TS_34_Announcement_view"/>
  <testcase name="CRe4_1139_to_44" time="9.335" classname="com.create4.execution.TS_34_Announcement_view">
    <failure type="org.openqa.selenium.NoSuchElementException" message="Unable to locate element: {&amp;quot;method&amp;quot;:&amp;quot;xpath&amp;quot;,&amp;quot;selector&amp;quot;:&amp;quot;//form[@id=&amp;apos;manageannouncementlist&amp;apos;]/div/p&amp;quot;}
Command duration or timeout: 12 milliseconds
For documentation on this error, please visit: http://seleniumhq.org/exceptions/no_such_element.html
Build info: version: &amp;apos;2.53.1&amp;apos;, revision: &amp;apos;a36b8b1cd5757287168e54b817830adce9b0158d&amp;apos;, time: &amp;apos;2016-06-30 19:26:09&amp;apos;
System info: host: &amp;apos;pushpa-PC&amp;apos;, ip: &amp;apos;20.0.0.188&amp;apos;, os.name: &amp;apos;Windows 7&amp;apos;, os.arch: &amp;apos;amd64&amp;apos;, os.version: &amp;apos;6.1&amp;apos;, java.version: &amp;apos;1.8.0_111&amp;apos;
Driver info: org.openqa.selenium.firefox.FirefoxDriver
Capabilities [{applicationCacheEnabled=true, rotatable=false, handlesAlerts=true, databaseEnabled=true, version=47.0.2, platform=WINDOWS, nativeEvents=false, acceptSslCerts=true, webStorageEnabled=true, locationContextEnabled=true, browserName=firefox, takesScreenshot=true, javascriptEnabled=true, cssSelectorsEnabled=true}]
Session ID: 3e8c59c1-5c30-4f96-8a57-9ef18bdb4110
*** Element info: {Using=xpath, value=//form[@id=&amp;apos;manageannouncementlist&amp;apos;]/div/p}">
      <![CDATA[org.openqa.selenium.NoSuchElementException: Unable to locate element: {"method":"xpath","selector":"//form[@id='manageannouncementlist']/div/p"}
Command duration or timeout: 12 milliseconds
For documentation on this error, please visit: http://seleniumhq.org/exceptions/no_such_element.html
Build info: version: '2.53.1', revision: 'a36b8b1cd5757287168e54b817830adce9b0158d', time: '2016-06-30 19:26:09'
System info: host: 'pushpa-PC', ip: '20.0.0.188', os.name: 'Windows 7', os.arch: 'amd64', os.version: '6.1', java.version: '1.8.0_111'
Driver info: org.openqa.selenium.firefox.FirefoxDriver
Capabilities [{applicationCacheEnabled=true, rotatable=false, handlesAlerts=true, databaseEnabled=true, version=47.0.2, platform=WINDOWS, nativeEvents=false, acceptSslCerts=true, webStorageEnabled=true, locationContextEnabled=true, browserName=firefox, takesScreenshot=true, javascriptEnabled=true, cssSelectorsEnabled=true}]
Session ID: 3e8c59c1-5c30-4f96-8a57-9ef18bdb4110
*** Element info: {Using=xpath, value=//form[@id='manageannouncementlist']/div/p}
	at org.openqa.selenium.remote.ErrorHandler.createThrowable(ErrorHandler.java:206)
	at org.openqa.selenium.remote.ErrorHandler.throwIfResponseFailed(ErrorHandler.java:158)
	at org.openqa.selenium.remote.RemoteWebDriver.execute(RemoteWebDriver.java:678)
	at org.openqa.selenium.remote.RemoteWebDriver.findElement(RemoteWebDriver.java:363)
	at org.openqa.selenium.remote.RemoteWebDriver.findElementByXPath(RemoteWebDriver.java:500)
	at org.openqa.selenium.By$ByXPath.findElement(By.java:361)
	at org.openqa.selenium.remote.RemoteWebDriver.findElement(RemoteWebDriver.java:355)
	at org.openqa.selenium.support.pagefactory.DefaultElementLocator.findElement(DefaultElementLocator.java:69)
	at org.openqa.selenium.support.pagefactory.internal.LocatingElementHandler.invoke(LocatingElementHandler.java:38)
	at com.sun.proxy.$Proxy7.getText(Unknown Source)
	at com.create4.scenarios.TS_34.CRe4_1139_to_44(TS_34.java:247)
	at com.create4.execution.TS_34_Announcement_view.CRe4_1139_to_44(TS_34_Announcement_view.java:51)
Caused by: org.openqa.selenium.NoSuchElementException: Unable to locate element: {"method":"xpath","selector":"//form[@id='manageannouncementlist']/div/p"}
For documentation on this error, please visit: http://seleniumhq.org/exceptions/no_such_element.html
Build info: version: '2.53.1', revision: 'a36b8b1cd5757287168e54b817830adce9b0158d', time: '2016-06-30 19:26:09'
System info: host: 'pushpa-PC', ip: '20.0.0.188', os.name: 'Windows 7', os.arch: 'amd64', os.version: '6.1', java.version: '1.8.0_111'
Driver info: driver.version: unknown
	at <anonymous class>.FirefoxDriver.prototype.findElementInternal_(file:///C:/Users/PUSHPA~1.KAM/AppData/Local/Temp/anonymous4519256705809848472webdriver-profile/extensions/fxdriver@googlecode.com/components/driver-component.js:10770)
	at <anonymous class>.FirefoxDriver.prototype.findElement(file:///C:/Users/PUSHPA~1.KAM/AppData/Local/Temp/anonymous4519256705809848472webdriver-profile/extensions/fxdriver@googlecode.com/components/driver-component.js:10779)
	at <anonymous class>.DelayedCommand.prototype.executeInternal_/h(file:///C:/Users/PUSHPA~1.KAM/AppData/Local/Temp/anonymous4519256705809848472webdriver-profile/extensions/fxdriver@googlecode.com/components/command-processor.js:12661)
	at <anonymous class>.DelayedCommand.prototype.executeInternal_(file:///C:/Users/PUSHPA~1.KAM/AppData/Local/Temp/anonymous4519256705809848472webdriver-profile/extensions/fxdriver@googlecode.com/components/command-processor.js:12666)
	at <anonymous class>.DelayedCommand.prototype.execute/<(file:///C:/Users/PUSHPA~1.KAM/AppData/Local/Temp/anonymous4519256705809848472webdriver-profile/extensions/fxdriver@googlecode.com/components/command-processor.js:12608)
... Removed 28 stack frames]]>
    </failure>
  </testcase> <!-- CRe4_1139_to_44 -->
  <testcase name="CRe4_1154_55" time="8.935" classname="com.create4.execution.TS_36_Announcement_Update">
    <failure type="org.openqa.selenium.NoSuchElementException" message="Unable to locate element: {&amp;quot;method&amp;quot;:&amp;quot;xpath&amp;quot;,&amp;quot;selector&amp;quot;:&amp;quot;//form[@id=&amp;apos;manageannouncementlist&amp;apos;]/div/p&amp;quot;}
Command duration or timeout: 17 milliseconds
For documentation on this error, please visit: http://seleniumhq.org/exceptions/no_such_element.html
Build info: version: &amp;apos;2.53.1&amp;apos;, revision: &amp;apos;a36b8b1cd5757287168e54b817830adce9b0158d&amp;apos;, time: &amp;apos;2016-06-30 19:26:09&amp;apos;
System info: host: &amp;apos;pushpa-PC&amp;apos;, ip: &amp;apos;20.0.0.188&amp;apos;, os.name: &amp;apos;Windows 7&amp;apos;, os.arch: &amp;apos;amd64&amp;apos;, os.version: &amp;apos;6.1&amp;apos;, java.version: &amp;apos;1.8.0_111&amp;apos;
Driver info: org.openqa.selenium.firefox.FirefoxDriver
Capabilities [{applicationCacheEnabled=true, rotatable=false, handlesAlerts=true, databaseEnabled=true, version=47.0.2, platform=WINDOWS, nativeEvents=false, acceptSslCerts=true, webStorageEnabled=true, locationContextEnabled=true, browserName=firefox, takesScreenshot=true, javascriptEnabled=true, cssSelectorsEnabled=true}]
Session ID: b31f8396-8784-45a4-9d2a-fb528e4b5232
*** Element info: {Using=xpath, value=//form[@id=&amp;apos;manageannouncementlist&amp;apos;]/div/p}">
      <![CDATA[org.openqa.selenium.NoSuchElementException: Unable to locate element: {"method":"xpath","selector":"//form[@id='manageannouncementlist']/div/p"}
Command duration or timeout: 17 milliseconds
For documentation on this error, please visit: http://seleniumhq.org/exceptions/no_such_element.html
Build info: version: '2.53.1', revision: 'a36b8b1cd5757287168e54b817830adce9b0158d', time: '2016-06-30 19:26:09'
System info: host: 'pushpa-PC', ip: '20.0.0.188', os.name: 'Windows 7', os.arch: 'amd64', os.version: '6.1', java.version: '1.8.0_111'
Driver info: org.openqa.selenium.firefox.FirefoxDriver
Capabilities [{applicationCacheEnabled=true, rotatable=false, handlesAlerts=true, databaseEnabled=true, version=47.0.2, platform=WINDOWS, nativeEvents=false, acceptSslCerts=true, webStorageEnabled=true, locationContextEnabled=true, browserName=firefox, takesScreenshot=true, javascriptEnabled=true, cssSelectorsEnabled=true}]
Session ID: b31f8396-8784-45a4-9d2a-fb528e4b5232
*** Element info: {Using=xpath, value=//form[@id='manageannouncementlist']/div/p}
	at org.openqa.selenium.remote.ErrorHandler.createThrowable(ErrorHandler.java:206)
	at org.openqa.selenium.remote.ErrorHandler.throwIfResponseFailed(ErrorHandler.java:158)
	at org.openqa.selenium.remote.RemoteWebDriver.execute(RemoteWebDriver.java:678)
	at org.openqa.selenium.remote.RemoteWebDriver.findElement(RemoteWebDriver.java:363)
	at org.openqa.selenium.remote.RemoteWebDriver.findElementByXPath(RemoteWebDriver.java:500)
	at org.openqa.selenium.By$ByXPath.findElement(By.java:361)
	at org.openqa.selenium.remote.RemoteWebDriver.findElement(RemoteWebDriver.java:355)
	at org.openqa.selenium.support.pagefactory.DefaultElementLocator.findElement(DefaultElementLocator.java:69)
	at org.openqa.selenium.support.pagefactory.internal.LocatingElementHandler.invoke(LocatingElementHandler.java:38)
	at com.sun.proxy.$Proxy7.getText(Unknown Source)
	at com.create4.scenarios.TS_36.CRe4_1154_55(TS_36.java:124)
	at com.create4.execution.TS_36_Announcement_Update.CRe4_1154_55(TS_36_Announcement_Update.java:42)
Caused by: org.openqa.selenium.NoSuchElementException: Unable to locate element: {"method":"xpath","selector":"//form[@id='manageannouncementlist']/div/p"}
For documentation on this error, please visit: http://seleniumhq.org/exceptions/no_such_element.html
Build info: version: '2.53.1', revision: 'a36b8b1cd5757287168e54b817830adce9b0158d', time: '2016-06-30 19:26:09'
System info: host: 'pushpa-PC', ip: '20.0.0.188', os.name: 'Windows 7', os.arch: 'amd64', os.version: '6.1', java.version: '1.8.0_111'
Driver info: driver.version: unknown
	at <anonymous class>.FirefoxDriver.prototype.findElementInternal_(file:///C:/Users/PUSHPA~1.KAM/AppData/Local/Temp/anonymous1297031115088350517webdriver-profile/extensions/fxdriver@googlecode.com/components/driver-component.js:10770)
	at <anonymous class>.FirefoxDriver.prototype.findElement(file:///C:/Users/PUSHPA~1.KAM/AppData/Local/Temp/anonymous1297031115088350517webdriver-profile/extensions/fxdriver@googlecode.com/components/driver-component.js:10779)
	at <anonymous class>.DelayedCommand.prototype.executeInternal_/h(file:///C:/Users/PUSHPA~1.KAM/AppData/Local/Temp/anonymous1297031115088350517webdriver-profile/extensions/fxdriver@googlecode.com/components/command-processor.js:12661)
	at <anonymous class>.DelayedCommand.prototype.executeInternal_(file:///C:/Users/PUSHPA~1.KAM/AppData/Local/Temp/anonymous1297031115088350517webdriver-profile/extensions/fxdriver@googlecode.com/components/command-processor.js:12666)
	at <anonymous class>.DelayedCommand.prototype.execute/<(file:///C:/Users/PUSHPA~1.KAM/AppData/Local/Temp/anonymous1297031115088350517webdriver-profile/extensions/fxdriver@googlecode.com/components/command-processor.js:12608)
... Removed 28 stack frames]]>
    </failure>
  </testcase> <!-- CRe4_1154_55 -->
  <testcase name="CRe4_924_925_926" time="10.22" classname="com.create4.execution.TS_15_Qual_Update"/>
  <testcase name="CRe4_959_960" time="7.693" classname="com.create4.execution.TS_16_Doctype_add"/>
  <testcase name="CRe4_948_949" time="9.62" classname="com.create4.execution.TS_17_Doctype_Update">
    <failure type="org.openqa.selenium.NoSuchElementException" message="Unable to locate element: {&amp;quot;method&amp;quot;:&amp;quot;xpath&amp;quot;,&amp;quot;selector&amp;quot;:&amp;quot;//div[2]/div[4]/div[1]/div[1]/div[2]&amp;quot;}
Command duration or timeout: 448 milliseconds
For documentation on this error, please visit: http://seleniumhq.org/exceptions/no_such_element.html
Build info: version: &amp;apos;2.53.1&amp;apos;, revision: &amp;apos;a36b8b1cd5757287168e54b817830adce9b0158d&amp;apos;, time: &amp;apos;2016-06-30 19:26:09&amp;apos;
System info: host: &amp;apos;pushpa-PC&amp;apos;, ip: &amp;apos;20.0.0.188&amp;apos;, os.name: &amp;apos;Windows 7&amp;apos;, os.arch: &amp;apos;amd64&amp;apos;, os.version: &amp;apos;6.1&amp;apos;, java.version: &amp;apos;1.8.0_111&amp;apos;
Driver info: org.openqa.selenium.firefox.FirefoxDriver
Capabilities [{applicationCacheEnabled=true, rotatable=false, handlesAlerts=true, databaseEnabled=true, version=47.0.2, platform=WINDOWS, nativeEvents=false, acceptSslCerts=true, webStorageEnabled=true, locationContextEnabled=true, browserName=firefox, takesScreenshot=true, javascriptEnabled=true, cssSelectorsEnabled=true}]
Session ID: efe9eed1-d586-4980-bff2-8a35a7cf1562
*** Element info: {Using=xpath, value=//div[2]/div[4]/div[1]/div[1]/div[2]}">
      <![CDATA[org.openqa.selenium.NoSuchElementException: Unable to locate element: {"method":"xpath","selector":"//div[2]/div[4]/div[1]/div[1]/div[2]"}
Command duration or timeout: 448 milliseconds
For documentation on this error, please visit: http://seleniumhq.org/exceptions/no_such_element.html
Build info: version: '2.53.1', revision: 'a36b8b1cd5757287168e54b817830adce9b0158d', time: '2016-06-30 19:26:09'
System info: host: 'pushpa-PC', ip: '20.0.0.188', os.name: 'Windows 7', os.arch: 'amd64', os.version: '6.1', java.version: '1.8.0_111'
Driver info: org.openqa.selenium.firefox.FirefoxDriver
Capabilities [{applicationCacheEnabled=true, rotatable=false, handlesAlerts=true, databaseEnabled=true, version=47.0.2, platform=WINDOWS, nativeEvents=false, acceptSslCerts=true, webStorageEnabled=true, locationContextEnabled=true, browserName=firefox, takesScreenshot=true, javascriptEnabled=true, cssSelectorsEnabled=true}]
Session ID: efe9eed1-d586-4980-bff2-8a35a7cf1562
*** Element info: {Using=xpath, value=//div[2]/div[4]/div[1]/div[1]/div[2]}
	at org.openqa.selenium.remote.ErrorHandler.createThrowable(ErrorHandler.java:206)
	at org.openqa.selenium.remote.ErrorHandler.throwIfResponseFailed(ErrorHandler.java:158)
	at org.openqa.selenium.remote.RemoteWebDriver.execute(RemoteWebDriver.java:678)
	at org.openqa.selenium.remote.RemoteWebDriver.findElement(RemoteWebDriver.java:363)
	at org.openqa.selenium.remote.RemoteWebDriver.findElementByXPath(RemoteWebDriver.java:500)
	at org.openqa.selenium.By$ByXPath.findElement(By.java:361)
	at org.openqa.selenium.remote.RemoteWebDriver.findElement(RemoteWebDriver.java:355)
	at org.openqa.selenium.support.pagefactory.DefaultElementLocator.findElement(DefaultElementLocator.java:69)
	at org.openqa.selenium.support.pagefactory.internal.LocatingElementHandler.invoke(LocatingElementHandler.java:38)
	at com.sun.proxy.$Proxy7.getText(Unknown Source)
	at com.create4.scenarios.TS_17.CRe4_948_949(TS_17.java:132)
	at com.create4.execution.TS_17_Doctype_Update.CRe4_948_949(TS_17_Doctype_Update.java:43)
Caused by: org.openqa.selenium.NoSuchElementException: Unable to locate element: {"method":"xpath","selector":"//div[2]/div[4]/div[1]/div[1]/div[2]"}
For documentation on this error, please visit: http://seleniumhq.org/exceptions/no_such_element.html
Build info: version: '2.53.1', revision: 'a36b8b1cd5757287168e54b817830adce9b0158d', time: '2016-06-30 19:26:09'
System info: host: 'pushpa-PC', ip: '20.0.0.188', os.name: 'Windows 7', os.arch: 'amd64', os.version: '6.1', java.version: '1.8.0_111'
Driver info: driver.version: unknown
	at <anonymous class>.FirefoxDriver.prototype.findElementInternal_(file:///C:/Users/PUSHPA~1.KAM/AppData/Local/Temp/anonymous6366412823098709024webdriver-profile/extensions/fxdriver@googlecode.com/components/driver-component.js:10770)
	at <anonymous class>.FirefoxDriver.prototype.findElement(file:///C:/Users/PUSHPA~1.KAM/AppData/Local/Temp/anonymous6366412823098709024webdriver-profile/extensions/fxdriver@googlecode.com/components/driver-component.js:10779)
	at <anonymous class>.DelayedCommand.prototype.executeInternal_/h(file:///C:/Users/PUSHPA~1.KAM/AppData/Local/Temp/anonymous6366412823098709024webdriver-profile/extensions/fxdriver@googlecode.com/components/command-processor.js:12661)
	at <anonymous class>.DelayedCommand.prototype.executeInternal_(file:///C:/Users/PUSHPA~1.KAM/AppData/Local/Temp/anonymous6366412823098709024webdriver-profile/extensions/fxdriver@googlecode.com/components/command-processor.js:12666)
	at <anonymous class>.DelayedCommand.prototype.execute/<(file:///C:/Users/PUSHPA~1.KAM/AppData/Local/Temp/anonymous6366412823098709024webdriver-profile/extensions/fxdriver@googlecode.com/components/command-processor.js:12608)
... Removed 28 stack frames]]>
    </failure>
  </testcase> <!-- CRe4_948_949 -->
  <testcase name="CRe4_932_933_934_935_936" time="7.284" classname="com.create4.execution.TS_18_Doctype_search"/>
  <testcase name="CRe4_979_980_981_982_983_984_985" time="7.626" classname="com.create4.execution.TS_19_Mem_add"/>
  <testcase name="CRe4_989" time="7.689" classname="com.create4.execution.TS_20_Mem_Update"/>
  <testcase name="CRe4_970_971_972_973_977" time="10.799" classname="com.create4.execution.TS_21_Mem_search"/>
  <testcase name="CRe4_927" time="9.424" classname="com.create4.execution.TS_15_Qual_Update"/>
  <testcase name="CRe4_960_a_961" time="3.899" classname="com.create4.execution.TS_16_Doctype_add">
    <failure type="org.openqa.selenium.ElementNotVisibleException" message="Element is not currently visible and so may not be interacted with
Command duration or timeout: 12 milliseconds
Build info: version: &amp;apos;2.53.1&amp;apos;, revision: &amp;apos;a36b8b1cd5757287168e54b817830adce9b0158d&amp;apos;, time: &amp;apos;2016-06-30 19:26:09&amp;apos;
System info: host: &amp;apos;pushpa-PC&amp;apos;, ip: &amp;apos;20.0.0.188&amp;apos;, os.name: &amp;apos;Windows 7&amp;apos;, os.arch: &amp;apos;amd64&amp;apos;, os.version: &amp;apos;6.1&amp;apos;, java.version: &amp;apos;1.8.0_111&amp;apos;
Driver info: org.openqa.selenium.firefox.FirefoxDriver
Capabilities [{applicationCacheEnabled=true, rotatable=false, handlesAlerts=true, databaseEnabled=true, version=47.0.2, platform=WINDOWS, nativeEvents=false, acceptSslCerts=true, webStorageEnabled=true, locationContextEnabled=true, browserName=firefox, takesScreenshot=true, javascriptEnabled=true, cssSelectorsEnabled=true}]
Session ID: 02e68b54-57cf-452f-9929-abf44211dfd6">
      <![CDATA[org.openqa.selenium.ElementNotVisibleException: Element is not currently visible and so may not be interacted with
Command duration or timeout: 12 milliseconds
Build info: version: '2.53.1', revision: 'a36b8b1cd5757287168e54b817830adce9b0158d', time: '2016-06-30 19:26:09'
System info: host: 'pushpa-PC', ip: '20.0.0.188', os.name: 'Windows 7', os.arch: 'amd64', os.version: '6.1', java.version: '1.8.0_111'
Driver info: org.openqa.selenium.firefox.FirefoxDriver
Capabilities [{applicationCacheEnabled=true, rotatable=false, handlesAlerts=true, databaseEnabled=true, version=47.0.2, platform=WINDOWS, nativeEvents=false, acceptSslCerts=true, webStorageEnabled=true, locationContextEnabled=true, browserName=firefox, takesScreenshot=true, javascriptEnabled=true, cssSelectorsEnabled=true}]
Session ID: 02e68b54-57cf-452f-9929-abf44211dfd6
	at org.openqa.selenium.remote.ErrorHandler.createThrowable(ErrorHandler.java:206)
	at org.openqa.selenium.remote.ErrorHandler.throwIfResponseFailed(ErrorHandler.java:158)
	at org.openqa.selenium.remote.RemoteWebDriver.execute(RemoteWebDriver.java:678)
	at org.openqa.selenium.remote.RemoteWebElement.execute(RemoteWebElement.java:327)
	at org.openqa.selenium.remote.RemoteWebElement.click(RemoteWebElement.java:85)
	at com.create4.scenarios.TS_16.CRe4_960_a_961(TS_16.java:210)
	at com.create4.execution.TS_16_Doctype_add.CRe4_960_a_961(TS_16_Doctype_add.java:51)
Caused by: org.openqa.selenium.ElementNotVisibleException: Element is not currently visible and so may not be interacted with
Build info: version: '2.53.1', revision: 'a36b8b1cd5757287168e54b817830adce9b0158d', time: '2016-06-30 19:26:09'
System info: host: 'pushpa-PC', ip: '20.0.0.188', os.name: 'Windows 7', os.arch: 'amd64', os.version: '6.1', java.version: '1.8.0_111'
Driver info: driver.version: unknown
	at <anonymous class>.fxdriver.preconditions.visible(file:///C:/Users/PUSHPA~1.KAM/AppData/Local/Temp/anonymous8249310095170541408webdriver-profile/extensions/fxdriver@googlecode.com/components/command-processor.js:10092)
	at <anonymous class>.DelayedCommand.prototype.checkPreconditions_(file:///C:/Users/PUSHPA~1.KAM/AppData/Local/Temp/anonymous8249310095170541408webdriver-profile/extensions/fxdriver@googlecode.com/components/command-processor.js:12644)
	at <anonymous class>.DelayedCommand.prototype.executeInternal_/h(file:///C:/Users/PUSHPA~1.KAM/AppData/Local/Temp/anonymous8249310095170541408webdriver-profile/extensions/fxdriver@googlecode.com/components/command-processor.js:12661)
	at <anonymous class>.DelayedCommand.prototype.executeInternal_(file:///C:/Users/PUSHPA~1.KAM/AppData/Local/Temp/anonymous8249310095170541408webdriver-profile/extensions/fxdriver@googlecode.com/components/command-processor.js:12666)
	at <anonymous class>.DelayedCommand.prototype.execute/<(file:///C:/Users/PUSHPA~1.KAM/AppData/Local/Temp/anonymous8249310095170541408webdriver-profile/extensions/fxdriver@googlecode.com/components/command-processor.js:12608)
... Removed 29 stack frames]]>
    </failure>
  </testcase> <!-- CRe4_960_a_961 -->
  <testcase name="CRe4_950_951" time="13.375" classname="com.create4.execution.TS_17_Doctype_Update"/>
  <testcase name="CRe4_937" time="7.969" classname="com.create4.execution.TS_18_Doctype_search"/>
  <testcase name="CRe4_986" time="18.961" classname="com.create4.execution.TS_19_Mem_add"/>
  <testcase name="CRe4_990" time="35.748" classname="com.create4.execution.TS_20_Mem_Update"/>
  <testcase name="CRe4_974" time="7.915" classname="com.create4.execution.TS_21_Mem_search"/>
  <testcase name="CRe4_961_a_962" time="92.564" classname="com.create4.execution.TS_16_Doctype_add"/>
  <testcase name="CRe4_952" time="12.623" classname="com.create4.execution.TS_17_Doctype_Update"/>
  <testcase name="CRe4_938" time="8.531" classname="com.create4.execution.TS_18_Doctype_search"/>
  <testcase name="CRe4_1022_1023_1024_1025_1026_1028" time="16.312" classname="com.create4.execution.TS_19_Mem_add"/>
  <testcase name="CRe4_992" time="8.843" classname="com.create4.execution.TS_20_Mem_Update"/>
  <testcase name="CRe4_975" time="7.779" classname="com.create4.execution.TS_21_Mem_search"/>
  <testcase name="CRe4_961_b" time="140.731" classname="com.create4.execution.TS_16_Doctype_add"/>
  <testcase name="CRe4_953" time="8.663" classname="com.create4.execution.TS_17_Doctype_Update"/>
  <testcase name="CRe4_939" time="8.333" classname="com.create4.execution.TS_18_Doctype_search"/>
  <testcase name="CRe4_1027" time="15.81" classname="com.create4.execution.TS_19_Mem_add"/>
  <testcase name="CRe4_993" time="128.561" classname="com.create4.execution.TS_20_Mem_Update">
    <failure type="org.openqa.selenium.TimeoutException" message="Timed out after 120 seconds waiting for com.global.methods.GlobalWait$5@11c7a0b4
Build info: version: &amp;apos;2.53.1&amp;apos;, revision: &amp;apos;a36b8b1cd5757287168e54b817830adce9b0158d&amp;apos;, time: &amp;apos;2016-06-30 19:26:09&amp;apos;
System info: host: &amp;apos;pushpa-PC&amp;apos;, ip: &amp;apos;20.0.0.188&amp;apos;, os.name: &amp;apos;Windows 7&amp;apos;, os.arch: &amp;apos;amd64&amp;apos;, os.version: &amp;apos;6.1&amp;apos;, java.version: &amp;apos;1.8.0_111&amp;apos;
Driver info: driver.version: unknown">
      <![CDATA[org.openqa.selenium.TimeoutException: Timed out after 120 seconds waiting for com.global.methods.GlobalWait$5@11c7a0b4
Build info: version: '2.53.1', revision: 'a36b8b1cd5757287168e54b817830adce9b0158d', time: '2016-06-30 19:26:09'
System info: host: 'pushpa-PC', ip: '20.0.0.188', os.name: 'Windows 7', os.arch: 'amd64', os.version: '6.1', java.version: '1.8.0_111'
Driver info: driver.version: unknown
	at org.openqa.selenium.support.ui.FluentWait.timeoutException(FluentWait.java:292)
	at org.openqa.selenium.support.ui.FluentWait.until(FluentWait.java:261)
	at com.global.methods.GlobalWait.Wait_GetElementByCSS(GlobalWait.java:94)
	at com.create4.scenarios.TS_20.CRe4_993(TS_20.java:513)
	at com.create4.execution.TS_20_Mem_Update.CRe4_993(TS_20_Mem_Update.java:68)
Caused by: org.openqa.selenium.NoSuchElementException: Unable to locate element: {"method":"css selector","selector":".fa.fa-edit"}
Command duration or timeout: 9 milliseconds
For documentation on this error, please visit: http://seleniumhq.org/exceptions/no_such_element.html
Build info: version: '2.53.1', revision: 'a36b8b1cd5757287168e54b817830adce9b0158d', time: '2016-06-30 19:26:09'
System info: host: 'pushpa-PC', ip: '20.0.0.188', os.name: 'Windows 7', os.arch: 'amd64', os.version: '6.1', java.version: '1.8.0_111'
Driver info: org.openqa.selenium.firefox.FirefoxDriver
Capabilities [{applicationCacheEnabled=true, rotatable=false, handlesAlerts=true, databaseEnabled=true, version=47.0.2, platform=WINDOWS, nativeEvents=false, acceptSslCerts=true, webStorageEnabled=true, locationContextEnabled=true, browserName=firefox, takesScreenshot=true, javascriptEnabled=true, cssSelectorsEnabled=true}]
Session ID: e750a6f2-8d70-4235-a3bb-87e3dececbd5
*** Element info: {Using=css selector, value=.fa.fa-edit}
	at org.openqa.selenium.remote.ErrorHandler.createThrowable(ErrorHandler.java:206)
	at org.openqa.selenium.remote.ErrorHandler.throwIfResponseFailed(ErrorHandler.java:158)
	at org.openqa.selenium.remote.RemoteWebDriver.execute(RemoteWebDriver.java:678)
	at org.openqa.selenium.remote.RemoteWebDriver.findElement(RemoteWebDriver.java:363)
	at org.openqa.selenium.remote.RemoteWebDriver.findElementByCssSelector(RemoteWebDriver.java:492)
	at org.openqa.selenium.By$ByCssSelector.findElement(By.java:430)
	at org.openqa.selenium.remote.RemoteWebDriver.findElement(RemoteWebDriver.java:355)
	at com.global.methods.GlobalWait$5.apply(GlobalWait.java:97)
	at org.openqa.selenium.support.ui.FluentWait.until(FluentWait.java:238)
	... 28 more
Caused by: org.openqa.selenium.NoSuchElementException: Unable to locate element: {"method":"css selector","selector":".fa.fa-edit"}
For documentation on this error, please visit: http://seleniumhq.org/exceptions/no_such_element.html
Build info: version: '2.53.1', revision: 'a36b8b1cd5757287168e54b817830adce9b0158d', time: '2016-06-30 19:26:09'
System info: host: 'pushpa-PC', ip: '20.0.0.188', os.name: 'Windows 7', os.arch: 'amd64', os.version: '6.1', java.version: '1.8.0_111'
Driver info: driver.version: unknown
	at <anonymous class>.FirefoxDriver.prototype.findElementInternal_(file:///C:/Users/PUSHPA~1.KAM/AppData/Local/Temp/anonymous1198870260329254221webdriver-profile/extensions/fxdriver@googlecode.com/components/driver-component.js:10770)
	at <anonymous class>.FirefoxDriver.prototype.findElement(file:///C:/Users/PUSHPA~1.KAM/AppData/Local/Temp/anonymous1198870260329254221webdriver-profile/extensions/fxdriver@googlecode.com/components/driver-component.js:10779)
	at <anonymous class>.DelayedCommand.prototype.executeInternal_/h(file:///C:/Users/PUSHPA~1.KAM/AppData/Local/Temp/anonymous1198870260329254221webdriver-profile/extensions/fxdriver@googlecode.com/components/command-processor.js:12661)
	at <anonymous class>.DelayedCommand.prototype.executeInternal_(file:///C:/Users/PUSHPA~1.KAM/AppData/Local/Temp/anonymous1198870260329254221webdriver-profile/extensions/fxdriver@googlecode.com/components/command-processor.js:12666)
	at <anonymous class>.DelayedCommand.prototype.execute/<(file:///C:/Users/PUSHPA~1.KAM/AppData/Local/Temp/anonymous1198870260329254221webdriver-profile/extensions/fxdriver@googlecode.com/components/command-processor.js:12608)
... Removed 28 stack frames]]>
    </failure>
  </testcase> <!-- CRe4_993 -->
  <testcase name="CRe4_976" time="6.943" classname="com.create4.execution.TS_21_Mem_search"/>
  <testcase name="CRe4_978" time="7.302" classname="com.create4.execution.TS_21_Mem_search"/>
  <testcase name="CRe4_954" time="9.809" classname="com.create4.execution.TS_17_Doctype_Update"/>
  <testcase name="CRe4_940" time="7.263" classname="com.create4.execution.TS_18_Doctype_search"/>
  <testcase name="CRe4_1029" time="14.845" classname="com.create4.execution.TS_19_Mem_add"/>
  <testcase name="CRe4_995" time="8.5" classname="com.create4.execution.TS_20_Mem_Update"/>
  <testcase name="CRe4_955" time="18.594" classname="com.create4.execution.TS_17_Doctype_Update"/>
  <testcase name="CRe4_941" time="9.317" classname="com.create4.execution.TS_18_Doctype_search"/>
  <testcase name="CRe4_1030" time="24.167" classname="com.create4.execution.TS_19_Mem_add"/>
  <testcase name="CRe4_996" time="18.848" classname="com.create4.execution.TS_20_Mem_Update"/>
  <testcase name="CRe4_956" time="9.608" classname="com.create4.execution.TS_17_Doctype_Update"/>
  <testcase name="CRe4_942" time="10.208" classname="com.create4.execution.TS_18_Doctype_search"/>
  <testcase name="CRe4_1031" time="17.805" classname="com.create4.execution.TS_19_Mem_add"/>
  <testcase name="CRe4_998" time="7.357" classname="com.create4.execution.TS_20_Mem_Update"/>
  <testcase name="CRe4_957" time="10.761" classname="com.create4.execution.TS_17_Doctype_Update"/>
  <testcase name="CRe4_943" time="7.938" classname="com.create4.execution.TS_18_Doctype_search"/>
  <testcase name="CRe4_1032" time="16.472" classname="com.create4.execution.TS_19_Mem_add"/>
  <testcase name="CRe4_999" time="128.5" classname="com.create4.execution.TS_20_Mem_Update">
    <failure type="org.openqa.selenium.TimeoutException" message="Timed out after 120 seconds waiting for com.global.methods.GlobalWait$5@3f1158ee
Build info: version: &amp;apos;2.53.1&amp;apos;, revision: &amp;apos;a36b8b1cd5757287168e54b817830adce9b0158d&amp;apos;, time: &amp;apos;2016-06-30 19:26:09&amp;apos;
System info: host: &amp;apos;pushpa-PC&amp;apos;, ip: &amp;apos;20.0.0.188&amp;apos;, os.name: &amp;apos;Windows 7&amp;apos;, os.arch: &amp;apos;amd64&amp;apos;, os.version: &amp;apos;6.1&amp;apos;, java.version: &amp;apos;1.8.0_111&amp;apos;
Driver info: driver.version: unknown">
      <![CDATA[org.openqa.selenium.TimeoutException: Timed out after 120 seconds waiting for com.global.methods.GlobalWait$5@3f1158ee
Build info: version: '2.53.1', revision: 'a36b8b1cd5757287168e54b817830adce9b0158d', time: '2016-06-30 19:26:09'
System info: host: 'pushpa-PC', ip: '20.0.0.188', os.name: 'Windows 7', os.arch: 'amd64', os.version: '6.1', java.version: '1.8.0_111'
Driver info: driver.version: unknown
	at org.openqa.selenium.support.ui.FluentWait.timeoutException(FluentWait.java:292)
	at org.openqa.selenium.support.ui.FluentWait.until(FluentWait.java:261)
	at com.global.methods.GlobalWait.Wait_GetElementByCSS(GlobalWait.java:94)
	at com.create4.scenarios.TS_20.CRe4_999(TS_20.java:848)
	at com.create4.execution.TS_20_Mem_Update.CRe4_999(TS_20_Mem_Update.java:96)
Caused by: org.openqa.selenium.NoSuchElementException: Unable to locate element: {"method":"css selector","selector":".fa.fa-edit"}
Command duration or timeout: 10 milliseconds
For documentation on this error, please visit: http://seleniumhq.org/exceptions/no_such_element.html
Build info: version: '2.53.1', revision: 'a36b8b1cd5757287168e54b817830adce9b0158d', time: '2016-06-30 19:26:09'
System info: host: 'pushpa-PC', ip: '20.0.0.188', os.name: 'Windows 7', os.arch: 'amd64', os.version: '6.1', java.version: '1.8.0_111'
Driver info: org.openqa.selenium.firefox.FirefoxDriver
Capabilities [{applicationCacheEnabled=true, rotatable=false, handlesAlerts=true, databaseEnabled=true, version=47.0.2, platform=WINDOWS, nativeEvents=false, acceptSslCerts=true, webStorageEnabled=true, locationContextEnabled=true, browserName=firefox, takesScreenshot=true, javascriptEnabled=true, cssSelectorsEnabled=true}]
Session ID: 46824476-157f-4f9c-ac2c-72baae897c53
*** Element info: {Using=css selector, value=.fa.fa-edit}
	at org.openqa.selenium.remote.ErrorHandler.createThrowable(ErrorHandler.java:206)
	at org.openqa.selenium.remote.ErrorHandler.throwIfResponseFailed(ErrorHandler.java:158)
	at org.openqa.selenium.remote.RemoteWebDriver.execute(RemoteWebDriver.java:678)
	at org.openqa.selenium.remote.RemoteWebDriver.findElement(RemoteWebDriver.java:363)
	at org.openqa.selenium.remote.RemoteWebDriver.findElementByCssSelector(RemoteWebDriver.java:492)
	at org.openqa.selenium.By$ByCssSelector.findElement(By.java:430)
	at org.openqa.selenium.remote.RemoteWebDriver.findElement(RemoteWebDriver.java:355)
	at com.global.methods.GlobalWait$5.apply(GlobalWait.java:97)
	at org.openqa.selenium.support.ui.FluentWait.until(FluentWait.java:238)
	... 28 more
Caused by: org.openqa.selenium.NoSuchElementException: Unable to locate element: {"method":"css selector","selector":".fa.fa-edit"}
For documentation on this error, please visit: http://seleniumhq.org/exceptions/no_such_element.html
Build info: version: '2.53.1', revision: 'a36b8b1cd5757287168e54b817830adce9b0158d', time: '2016-06-30 19:26:09'
System info: host: 'pushpa-PC', ip: '20.0.0.188', os.name: 'Windows 7', os.arch: 'amd64', os.version: '6.1', java.version: '1.8.0_111'
Driver info: driver.version: unknown
	at <anonymous class>.FirefoxDriver.prototype.findElementInternal_(file:///C:/Users/PUSHPA~1.KAM/AppData/Local/Temp/anonymous2526134071292141722webdriver-profile/extensions/fxdriver@googlecode.com/components/driver-component.js:10770)
	at <anonymous class>.FirefoxDriver.prototype.findElement(file:///C:/Users/PUSHPA~1.KAM/AppData/Local/Temp/anonymous2526134071292141722webdriver-profile/extensions/fxdriver@googlecode.com/components/driver-component.js:10779)
	at <anonymous class>.DelayedCommand.prototype.executeInternal_/h(file:///C:/Users/PUSHPA~1.KAM/AppData/Local/Temp/anonymous2526134071292141722webdriver-profile/extensions/fxdriver@googlecode.com/components/command-processor.js:12661)
	at <anonymous class>.DelayedCommand.prototype.executeInternal_(file:///C:/Users/PUSHPA~1.KAM/AppData/Local/Temp/anonymous2526134071292141722webdriver-profile/extensions/fxdriver@googlecode.com/components/command-processor.js:12666)
	at <anonymous class>.DelayedCommand.prototype.execute/<(file:///C:/Users/PUSHPA~1.KAM/AppData/Local/Temp/anonymous2526134071292141722webdriver-profile/extensions/fxdriver@googlecode.com/components/command-processor.js:12608)
... Removed 28 stack frames]]>
    </failure>
  </testcase> <!-- CRe4_999 -->
  <testcase name="CRe4_958" time="12.346" classname="com.create4.execution.TS_17_Doctype_Update"/>
  <testcase name="CRe4_944" time="9.044" classname="com.create4.execution.TS_18_Doctype_search"/>
  <testcase name="CRe4_1033" time="14.882" classname="com.create4.execution.TS_19_Mem_add"/>
  <testcase name="CRe4_1001" time="8.532" classname="com.create4.execution.TS_20_Mem_Update"/>
  <testcase name="CRe4_945" time="9.264" classname="com.create4.execution.TS_18_Doctype_search"/>
  <testcase name="CRe4_1034" time="16.224" classname="com.create4.execution.TS_19_Mem_add"/>
  <testcase name="CRe4_1002" time="128.516" classname="com.create4.execution.TS_20_Mem_Update">
    <failure type="org.openqa.selenium.TimeoutException" message="Timed out after 120 seconds waiting for com.global.methods.GlobalWait$5@3a54638b
Build info: version: &amp;apos;2.53.1&amp;apos;, revision: &amp;apos;a36b8b1cd5757287168e54b817830adce9b0158d&amp;apos;, time: &amp;apos;2016-06-30 19:26:09&amp;apos;
System info: host: &amp;apos;pushpa-PC&amp;apos;, ip: &amp;apos;20.0.0.188&amp;apos;, os.name: &amp;apos;Windows 7&amp;apos;, os.arch: &amp;apos;amd64&amp;apos;, os.version: &amp;apos;6.1&amp;apos;, java.version: &amp;apos;1.8.0_111&amp;apos;
Driver info: driver.version: unknown">
      <![CDATA[org.openqa.selenium.TimeoutException: Timed out after 120 seconds waiting for com.global.methods.GlobalWait$5@3a54638b
Build info: version: '2.53.1', revision: 'a36b8b1cd5757287168e54b817830adce9b0158d', time: '2016-06-30 19:26:09'
System info: host: 'pushpa-PC', ip: '20.0.0.188', os.name: 'Windows 7', os.arch: 'amd64', os.version: '6.1', java.version: '1.8.0_111'
Driver info: driver.version: unknown
	at org.openqa.selenium.support.ui.FluentWait.timeoutException(FluentWait.java:292)
	at org.openqa.selenium.support.ui.FluentWait.until(FluentWait.java:261)
	at com.global.methods.GlobalWait.Wait_GetElementByCSS(GlobalWait.java:94)
	at com.create4.scenarios.TS_20.CRe4_1002(TS_20.java:1016)
	at com.create4.execution.TS_20_Mem_Update.CRe4_1002(TS_20_Mem_Update.java:110)
Caused by: org.openqa.selenium.NoSuchElementException: Unable to locate element: {"method":"css selector","selector":".fa.fa-edit"}
Command duration or timeout: 8 milliseconds
For documentation on this error, please visit: http://seleniumhq.org/exceptions/no_such_element.html
Build info: version: '2.53.1', revision: 'a36b8b1cd5757287168e54b817830adce9b0158d', time: '2016-06-30 19:26:09'
System info: host: 'pushpa-PC', ip: '20.0.0.188', os.name: 'Windows 7', os.arch: 'amd64', os.version: '6.1', java.version: '1.8.0_111'
Driver info: org.openqa.selenium.firefox.FirefoxDriver
Capabilities [{applicationCacheEnabled=true, rotatable=false, handlesAlerts=true, databaseEnabled=true, version=47.0.2, platform=WINDOWS, nativeEvents=false, acceptSslCerts=true, webStorageEnabled=true, locationContextEnabled=true, browserName=firefox, takesScreenshot=true, javascriptEnabled=true, cssSelectorsEnabled=true}]
Session ID: 9661471c-89b0-4703-8fe4-bce943844cee
*** Element info: {Using=css selector, value=.fa.fa-edit}
	at org.openqa.selenium.remote.ErrorHandler.createThrowable(ErrorHandler.java:206)
	at org.openqa.selenium.remote.ErrorHandler.throwIfResponseFailed(ErrorHandler.java:158)
	at org.openqa.selenium.remote.RemoteWebDriver.execute(RemoteWebDriver.java:678)
	at org.openqa.selenium.remote.RemoteWebDriver.findElement(RemoteWebDriver.java:363)
	at org.openqa.selenium.remote.RemoteWebDriver.findElementByCssSelector(RemoteWebDriver.java:492)
	at org.openqa.selenium.By$ByCssSelector.findElement(By.java:430)
	at org.openqa.selenium.remote.RemoteWebDriver.findElement(RemoteWebDriver.java:355)
	at com.global.methods.GlobalWait$5.apply(GlobalWait.java:97)
	at org.openqa.selenium.support.ui.FluentWait.until(FluentWait.java:238)
	... 28 more
Caused by: org.openqa.selenium.NoSuchElementException: Unable to locate element: {"method":"css selector","selector":".fa.fa-edit"}
For documentation on this error, please visit: http://seleniumhq.org/exceptions/no_such_element.html
Build info: version: '2.53.1', revision: 'a36b8b1cd5757287168e54b817830adce9b0158d', time: '2016-06-30 19:26:09'
System info: host: 'pushpa-PC', ip: '20.0.0.188', os.name: 'Windows 7', os.arch: 'amd64', os.version: '6.1', java.version: '1.8.0_111'
Driver info: driver.version: unknown
	at <anonymous class>.FirefoxDriver.prototype.findElementInternal_(file:///C:/Users/PUSHPA~1.KAM/AppData/Local/Temp/anonymous2559636327801699713webdriver-profile/extensions/fxdriver@googlecode.com/components/driver-component.js:10770)
	at <anonymous class>.FirefoxDriver.prototype.findElement(file:///C:/Users/PUSHPA~1.KAM/AppData/Local/Temp/anonymous2559636327801699713webdriver-profile/extensions/fxdriver@googlecode.com/components/driver-component.js:10779)
	at <anonymous class>.DelayedCommand.prototype.executeInternal_/h(file:///C:/Users/PUSHPA~1.KAM/AppData/Local/Temp/anonymous2559636327801699713webdriver-profile/extensions/fxdriver@googlecode.com/components/command-processor.js:12661)
	at <anonymous class>.DelayedCommand.prototype.executeInternal_(file:///C:/Users/PUSHPA~1.KAM/AppData/Local/Temp/anonymous2559636327801699713webdriver-profile/extensions/fxdriver@googlecode.com/components/command-processor.js:12666)
	at <anonymous class>.DelayedCommand.prototype.execute/<(file:///C:/Users/PUSHPA~1.KAM/AppData/Local/Temp/anonymous2559636327801699713webdriver-profile/extensions/fxdriver@googlecode.com/components/command-processor.js:12608)
... Removed 28 stack frames]]>
    </failure>
  </testcase> <!-- CRe4_1002 -->
  <testcase name="CRe4_1035" time="13.886" classname="com.create4.execution.TS_19_Mem_add"/>
  <testcase name="CRe4_1004" time="9.286" classname="com.create4.execution.TS_20_Mem_Update"/>
  <testcase name="CRe4_1037" time="16.104" classname="com.create4.execution.TS_19_Mem_add"/>
  <testcase name="CRe4_1005" time="127.865" classname="com.create4.execution.TS_20_Mem_Update">
    <failure type="org.openqa.selenium.TimeoutException" message="Timed out after 120 seconds waiting for com.global.methods.GlobalWait$5@71262020
Build info: version: &amp;apos;2.53.1&amp;apos;, revision: &amp;apos;a36b8b1cd5757287168e54b817830adce9b0158d&amp;apos;, time: &amp;apos;2016-06-30 19:26:09&amp;apos;
System info: host: &amp;apos;pushpa-PC&amp;apos;, ip: &amp;apos;20.0.0.188&amp;apos;, os.name: &amp;apos;Windows 7&amp;apos;, os.arch: &amp;apos;amd64&amp;apos;, os.version: &amp;apos;6.1&amp;apos;, java.version: &amp;apos;1.8.0_111&amp;apos;
Driver info: driver.version: unknown">
      <![CDATA[org.openqa.selenium.TimeoutException: Timed out after 120 seconds waiting for com.global.methods.GlobalWait$5@71262020
Build info: version: '2.53.1', revision: 'a36b8b1cd5757287168e54b817830adce9b0158d', time: '2016-06-30 19:26:09'
System info: host: 'pushpa-PC', ip: '20.0.0.188', os.name: 'Windows 7', os.arch: 'amd64', os.version: '6.1', java.version: '1.8.0_111'
Driver info: driver.version: unknown
	at org.openqa.selenium.support.ui.FluentWait.timeoutException(FluentWait.java:292)
	at org.openqa.selenium.support.ui.FluentWait.until(FluentWait.java:261)
	at com.global.methods.GlobalWait.Wait_GetElementByCSS(GlobalWait.java:94)
	at com.create4.scenarios.TS_20.CRe4_1005(TS_20.java:1182)
	at com.create4.execution.TS_20_Mem_Update.CRe4_1005(TS_20_Mem_Update.java:124)
Caused by: org.openqa.selenium.NoSuchElementException: Unable to locate element: {"method":"css selector","selector":".fa.fa-edit"}
Command duration or timeout: 9 milliseconds
For documentation on this error, please visit: http://seleniumhq.org/exceptions/no_such_element.html
Build info: version: '2.53.1', revision: 'a36b8b1cd5757287168e54b817830adce9b0158d', time: '2016-06-30 19:26:09'
System info: host: 'pushpa-PC', ip: '20.0.0.188', os.name: 'Windows 7', os.arch: 'amd64', os.version: '6.1', java.version: '1.8.0_111'
Driver info: org.openqa.selenium.firefox.FirefoxDriver
Capabilities [{applicationCacheEnabled=true, rotatable=false, handlesAlerts=true, databaseEnabled=true, version=47.0.2, platform=WINDOWS, nativeEvents=false, acceptSslCerts=true, webStorageEnabled=true, locationContextEnabled=true, browserName=firefox, takesScreenshot=true, javascriptEnabled=true, cssSelectorsEnabled=true}]
Session ID: b586b3b5-afd8-4f5a-a1c2-f3c10c218e51
*** Element info: {Using=css selector, value=.fa.fa-edit}
	at org.openqa.selenium.remote.ErrorHandler.createThrowable(ErrorHandler.java:206)
	at org.openqa.selenium.remote.ErrorHandler.throwIfResponseFailed(ErrorHandler.java:158)
	at org.openqa.selenium.remote.RemoteWebDriver.execute(RemoteWebDriver.java:678)
	at org.openqa.selenium.remote.RemoteWebDriver.findElement(RemoteWebDriver.java:363)
	at org.openqa.selenium.remote.RemoteWebDriver.findElementByCssSelector(RemoteWebDriver.java:492)
	at org.openqa.selenium.By$ByCssSelector.findElement(By.java:430)
	at org.openqa.selenium.remote.RemoteWebDriver.findElement(RemoteWebDriver.java:355)
	at com.global.methods.GlobalWait$5.apply(GlobalWait.java:97)
	at org.openqa.selenium.support.ui.FluentWait.until(FluentWait.java:238)
	... 28 more
Caused by: org.openqa.selenium.NoSuchElementException: Unable to locate element: {"method":"css selector","selector":".fa.fa-edit"}
For documentation on this error, please visit: http://seleniumhq.org/exceptions/no_such_element.html
Build info: version: '2.53.1', revision: 'a36b8b1cd5757287168e54b817830adce9b0158d', time: '2016-06-30 19:26:09'
System info: host: 'pushpa-PC', ip: '20.0.0.188', os.name: 'Windows 7', os.arch: 'amd64', os.version: '6.1', java.version: '1.8.0_111'
Driver info: driver.version: unknown
	at <anonymous class>.FirefoxDriver.prototype.findElementInternal_(file:///C:/Users/PUSHPA~1.KAM/AppData/Local/Temp/anonymous4747668660930254355webdriver-profile/extensions/fxdriver@googlecode.com/components/driver-component.js:10770)
	at <anonymous class>.FirefoxDriver.prototype.findElement(file:///C:/Users/PUSHPA~1.KAM/AppData/Local/Temp/anonymous4747668660930254355webdriver-profile/extensions/fxdriver@googlecode.com/components/driver-component.js:10779)
	at <anonymous class>.DelayedCommand.prototype.executeInternal_/h(file:///C:/Users/PUSHPA~1.KAM/AppData/Local/Temp/anonymous4747668660930254355webdriver-profile/extensions/fxdriver@googlecode.com/components/command-processor.js:12661)
	at <anonymous class>.DelayedCommand.prototype.executeInternal_(file:///C:/Users/PUSHPA~1.KAM/AppData/Local/Temp/anonymous4747668660930254355webdriver-profile/extensions/fxdriver@googlecode.com/components/command-processor.js:12666)
	at <anonymous class>.DelayedCommand.prototype.execute/<(file:///C:/Users/PUSHPA~1.KAM/AppData/Local/Temp/anonymous4747668660930254355webdriver-profile/extensions/fxdriver@googlecode.com/components/command-processor.js:12608)
... Removed 28 stack frames]]>
    </failure>
  </testcase> <!-- CRe4_1005 -->
  <testcase name="CRe4_1036" time="16.9" classname="com.create4.execution.TS_19_Mem_add"/>
  <testcase name="CRe4_1007" time="18.437" classname="com.create4.execution.TS_20_Mem_Update"/>
  <testcase name="CRe4_1038" time="15.824" classname="com.create4.execution.TS_19_Mem_add"/>
  <testcase name="CRe4_1008" time="140.962" classname="com.create4.execution.TS_20_Mem_Update">
    <failure type="org.openqa.selenium.TimeoutException" message="Timed out after 120 seconds waiting for com.global.methods.GlobalWait$5@6ae6d078
Build info: version: &amp;apos;2.53.1&amp;apos;, revision: &amp;apos;a36b8b1cd5757287168e54b817830adce9b0158d&amp;apos;, time: &amp;apos;2016-06-30 19:26:09&amp;apos;
System info: host: &amp;apos;pushpa-PC&amp;apos;, ip: &amp;apos;20.0.0.188&amp;apos;, os.name: &amp;apos;Windows 7&amp;apos;, os.arch: &amp;apos;amd64&amp;apos;, os.version: &amp;apos;6.1&amp;apos;, java.version: &amp;apos;1.8.0_111&amp;apos;
Driver info: driver.version: unknown">
      <![CDATA[org.openqa.selenium.TimeoutException: Timed out after 120 seconds waiting for com.global.methods.GlobalWait$5@6ae6d078
Build info: version: '2.53.1', revision: 'a36b8b1cd5757287168e54b817830adce9b0158d', time: '2016-06-30 19:26:09'
System info: host: 'pushpa-PC', ip: '20.0.0.188', os.name: 'Windows 7', os.arch: 'amd64', os.version: '6.1', java.version: '1.8.0_111'
Driver info: driver.version: unknown
	at org.openqa.selenium.support.ui.FluentWait.timeoutException(FluentWait.java:292)
	at org.openqa.selenium.support.ui.FluentWait.until(FluentWait.java:261)
	at com.global.methods.GlobalWait.Wait_GetElementByCSS(GlobalWait.java:94)
	at com.create4.scenarios.TS_20.CRe4_1008(TS_20.java:1348)
	at com.create4.execution.TS_20_Mem_Update.CRe4_1008(TS_20_Mem_Update.java:138)
Caused by: org.openqa.selenium.NoSuchElementException: Unable to locate element: {"method":"css selector","selector":".fa.fa-edit"}
Command duration or timeout: 8 milliseconds
For documentation on this error, please visit: http://seleniumhq.org/exceptions/no_such_element.html
Build info: version: '2.53.1', revision: 'a36b8b1cd5757287168e54b817830adce9b0158d', time: '2016-06-30 19:26:09'
System info: host: 'pushpa-PC', ip: '20.0.0.188', os.name: 'Windows 7', os.arch: 'amd64', os.version: '6.1', java.version: '1.8.0_111'
Driver info: org.openqa.selenium.firefox.FirefoxDriver
Capabilities [{applicationCacheEnabled=true, rotatable=false, handlesAlerts=true, databaseEnabled=true, version=47.0.2, platform=WINDOWS, nativeEvents=false, acceptSslCerts=true, webStorageEnabled=true, locationContextEnabled=true, browserName=firefox, takesScreenshot=true, javascriptEnabled=true, cssSelectorsEnabled=true}]
Session ID: b815e8ae-cd95-4afc-9f43-c90f54182f1d
*** Element info: {Using=css selector, value=.fa.fa-edit}
	at org.openqa.selenium.remote.ErrorHandler.createThrowable(ErrorHandler.java:206)
	at org.openqa.selenium.remote.ErrorHandler.throwIfResponseFailed(ErrorHandler.java:158)
	at org.openqa.selenium.remote.RemoteWebDriver.execute(RemoteWebDriver.java:678)
	at org.openqa.selenium.remote.RemoteWebDriver.findElement(RemoteWebDriver.java:363)
	at org.openqa.selenium.remote.RemoteWebDriver.findElementByCssSelector(RemoteWebDriver.java:492)
	at org.openqa.selenium.By$ByCssSelector.findElement(By.java:430)
	at org.openqa.selenium.remote.RemoteWebDriver.findElement(RemoteWebDriver.java:355)
	at com.global.methods.GlobalWait$5.apply(GlobalWait.java:97)
	at org.openqa.selenium.support.ui.FluentWait.until(FluentWait.java:238)
	... 28 more
Caused by: org.openqa.selenium.NoSuchElementException: Unable to locate element: {"method":"css selector","selector":".fa.fa-edit"}
For documentation on this error, please visit: http://seleniumhq.org/exceptions/no_such_element.html
Build info: version: '2.53.1', revision: 'a36b8b1cd5757287168e54b817830adce9b0158d', time: '2016-06-30 19:26:09'
System info: host: 'pushpa-PC', ip: '20.0.0.188', os.name: 'Windows 7', os.arch: 'amd64', os.version: '6.1', java.version: '1.8.0_111'
Driver info: driver.version: unknown
	at <anonymous class>.FirefoxDriver.prototype.findElementInternal_(file:///C:/Users/PUSHPA~1.KAM/AppData/Local/Temp/anonymous4581527625396360419webdriver-profile/extensions/fxdriver@googlecode.com/components/driver-component.js:10770)
	at <anonymous class>.FirefoxDriver.prototype.findElement(file:///C:/Users/PUSHPA~1.KAM/AppData/Local/Temp/anonymous4581527625396360419webdriver-profile/extensions/fxdriver@googlecode.com/components/driver-component.js:10779)
	at <anonymous class>.DelayedCommand.prototype.executeInternal_/h(file:///C:/Users/PUSHPA~1.KAM/AppData/Local/Temp/anonymous4581527625396360419webdriver-profile/extensions/fxdriver@googlecode.com/components/command-processor.js:12661)
	at <anonymous class>.DelayedCommand.prototype.executeInternal_(file:///C:/Users/PUSHPA~1.KAM/AppData/Local/Temp/anonymous4581527625396360419webdriver-profile/extensions/fxdriver@googlecode.com/components/command-processor.js:12666)
	at <anonymous class>.DelayedCommand.prototype.execute/<(file:///C:/Users/PUSHPA~1.KAM/AppData/Local/Temp/anonymous4581527625396360419webdriver-profile/extensions/fxdriver@googlecode.com/components/command-processor.js:12608)
... Removed 28 stack frames]]>
    </failure>
  </testcase> <!-- CRe4_1008 -->
  <testcase name="CRe4_1039" time="16.736" classname="com.create4.execution.TS_19_Mem_add"/>
  <testcase name="CRe4_1010" time="9.434" classname="com.create4.execution.TS_20_Mem_Update"/>
  <testcase name="CRe4_1040" time="17.121" classname="com.create4.execution.TS_19_Mem_add"/>
  <testcase name="CRe4_1011" time="139.619" classname="com.create4.execution.TS_20_Mem_Update">
    <failure type="org.openqa.selenium.TimeoutException" message="Timed out after 120 seconds waiting for com.global.methods.GlobalWait$5@3e28af44
Build info: version: &amp;apos;2.53.1&amp;apos;, revision: &amp;apos;a36b8b1cd5757287168e54b817830adce9b0158d&amp;apos;, time: &amp;apos;2016-06-30 19:26:09&amp;apos;
System info: host: &amp;apos;pushpa-PC&amp;apos;, ip: &amp;apos;20.0.0.188&amp;apos;, os.name: &amp;apos;Windows 7&amp;apos;, os.arch: &amp;apos;amd64&amp;apos;, os.version: &amp;apos;6.1&amp;apos;, java.version: &amp;apos;1.8.0_111&amp;apos;
Driver info: driver.version: unknown">
      <![CDATA[org.openqa.selenium.TimeoutException: Timed out after 120 seconds waiting for com.global.methods.GlobalWait$5@3e28af44
Build info: version: '2.53.1', revision: 'a36b8b1cd5757287168e54b817830adce9b0158d', time: '2016-06-30 19:26:09'
System info: host: 'pushpa-PC', ip: '20.0.0.188', os.name: 'Windows 7', os.arch: 'amd64', os.version: '6.1', java.version: '1.8.0_111'
Driver info: driver.version: unknown
	at org.openqa.selenium.support.ui.FluentWait.timeoutException(FluentWait.java:292)
	at org.openqa.selenium.support.ui.FluentWait.until(FluentWait.java:261)
	at com.global.methods.GlobalWait.Wait_GetElementByCSS(GlobalWait.java:94)
	at com.create4.scenarios.TS_20.CRe4_1011(TS_20.java:1514)
	at com.create4.execution.TS_20_Mem_Update.CRe4_1011(TS_20_Mem_Update.java:152)
Caused by: org.openqa.selenium.NoSuchElementException: Unable to locate element: {"method":"css selector","selector":".fa.fa-edit"}
Command duration or timeout: 9 milliseconds
For documentation on this error, please visit: http://seleniumhq.org/exceptions/no_such_element.html
Build info: version: '2.53.1', revision: 'a36b8b1cd5757287168e54b817830adce9b0158d', time: '2016-06-30 19:26:09'
System info: host: 'pushpa-PC', ip: '20.0.0.188', os.name: 'Windows 7', os.arch: 'amd64', os.version: '6.1', java.version: '1.8.0_111'
Driver info: org.openqa.selenium.firefox.FirefoxDriver
Capabilities [{applicationCacheEnabled=true, rotatable=false, handlesAlerts=true, databaseEnabled=true, version=47.0.2, platform=WINDOWS, nativeEvents=false, acceptSslCerts=true, webStorageEnabled=true, locationContextEnabled=true, browserName=firefox, takesScreenshot=true, javascriptEnabled=true, cssSelectorsEnabled=true}]
Session ID: c504b68e-46ac-4afd-8f86-944959805b6e
*** Element info: {Using=css selector, value=.fa.fa-edit}
	at org.openqa.selenium.remote.ErrorHandler.createThrowable(ErrorHandler.java:206)
	at org.openqa.selenium.remote.ErrorHandler.throwIfResponseFailed(ErrorHandler.java:158)
	at org.openqa.selenium.remote.RemoteWebDriver.execute(RemoteWebDriver.java:678)
	at org.openqa.selenium.remote.RemoteWebDriver.findElement(RemoteWebDriver.java:363)
	at org.openqa.selenium.remote.RemoteWebDriver.findElementByCssSelector(RemoteWebDriver.java:492)
	at org.openqa.selenium.By$ByCssSelector.findElement(By.java:430)
	at org.openqa.selenium.remote.RemoteWebDriver.findElement(RemoteWebDriver.java:355)
	at com.global.methods.GlobalWait$5.apply(GlobalWait.java:97)
	at org.openqa.selenium.support.ui.FluentWait.until(FluentWait.java:238)
	... 28 more
Caused by: org.openqa.selenium.NoSuchElementException: Unable to locate element: {"method":"css selector","selector":".fa.fa-edit"}
For documentation on this error, please visit: http://seleniumhq.org/exceptions/no_such_element.html
Build info: version: '2.53.1', revision: 'a36b8b1cd5757287168e54b817830adce9b0158d', time: '2016-06-30 19:26:09'
System info: host: 'pushpa-PC', ip: '20.0.0.188', os.name: 'Windows 7', os.arch: 'amd64', os.version: '6.1', java.version: '1.8.0_111'
Driver info: driver.version: unknown
	at <anonymous class>.FirefoxDriver.prototype.findElementInternal_(file:///C:/Users/PUSHPA~1.KAM/AppData/Local/Temp/anonymous2434031162692449878webdriver-profile/extensions/fxdriver@googlecode.com/components/driver-component.js:10770)
	at <anonymous class>.FirefoxDriver.prototype.findElement(file:///C:/Users/PUSHPA~1.KAM/AppData/Local/Temp/anonymous2434031162692449878webdriver-profile/extensions/fxdriver@googlecode.com/components/driver-component.js:10779)
	at <anonymous class>.DelayedCommand.prototype.executeInternal_/h(file:///C:/Users/PUSHPA~1.KAM/AppData/Local/Temp/anonymous2434031162692449878webdriver-profile/extensions/fxdriver@googlecode.com/components/command-processor.js:12661)
	at <anonymous class>.DelayedCommand.prototype.executeInternal_(file:///C:/Users/PUSHPA~1.KAM/AppData/Local/Temp/anonymous2434031162692449878webdriver-profile/extensions/fxdriver@googlecode.com/components/command-processor.js:12666)
	at <anonymous class>.DelayedCommand.prototype.execute/<(file:///C:/Users/PUSHPA~1.KAM/AppData/Local/Temp/anonymous2434031162692449878webdriver-profile/extensions/fxdriver@googlecode.com/components/command-processor.js:12608)
... Removed 28 stack frames]]>
    </failure>
  </testcase> <!-- CRe4_1011 -->
  <testcase name="CRe4_1041" time="24.048" classname="com.create4.execution.TS_19_Mem_add"/>
  <testcase name="CRe4_1013" time="8.985" classname="com.create4.execution.TS_20_Mem_Update"/>
  <testcase name="CRe4_1042" time="15.603" classname="com.create4.execution.TS_19_Mem_add"/>
  <testcase name="CRe4_1014" time="149.413" classname="com.create4.execution.TS_20_Mem_Update">
    <failure type="org.openqa.selenium.TimeoutException" message="Timed out after 120 seconds waiting for com.global.methods.GlobalWait$5@73a5d86c
Build info: version: &amp;apos;2.53.1&amp;apos;, revision: &amp;apos;a36b8b1cd5757287168e54b817830adce9b0158d&amp;apos;, time: &amp;apos;2016-06-30 19:26:09&amp;apos;
System info: host: &amp;apos;pushpa-PC&amp;apos;, ip: &amp;apos;20.0.0.188&amp;apos;, os.name: &amp;apos;Windows 7&amp;apos;, os.arch: &amp;apos;amd64&amp;apos;, os.version: &amp;apos;6.1&amp;apos;, java.version: &amp;apos;1.8.0_111&amp;apos;
Driver info: driver.version: unknown">
      <![CDATA[org.openqa.selenium.TimeoutException: Timed out after 120 seconds waiting for com.global.methods.GlobalWait$5@73a5d86c
Build info: version: '2.53.1', revision: 'a36b8b1cd5757287168e54b817830adce9b0158d', time: '2016-06-30 19:26:09'
System info: host: 'pushpa-PC', ip: '20.0.0.188', os.name: 'Windows 7', os.arch: 'amd64', os.version: '6.1', java.version: '1.8.0_111'
Driver info: driver.version: unknown
	at org.openqa.selenium.support.ui.FluentWait.timeoutException(FluentWait.java:292)
	at org.openqa.selenium.support.ui.FluentWait.until(FluentWait.java:261)
	at com.global.methods.GlobalWait.Wait_GetElementByCSS(GlobalWait.java:94)
	at com.create4.scenarios.TS_20.CRe4_1014(TS_20.java:1680)
	at com.create4.execution.TS_20_Mem_Update.CRe4_1014(TS_20_Mem_Update.java:166)
Caused by: org.openqa.selenium.NoSuchElementException: Unable to locate element: {"method":"css selector","selector":".fa.fa-edit"}
Command duration or timeout: 10 milliseconds
For documentation on this error, please visit: http://seleniumhq.org/exceptions/no_such_element.html
Build info: version: '2.53.1', revision: 'a36b8b1cd5757287168e54b817830adce9b0158d', time: '2016-06-30 19:26:09'
System info: host: 'pushpa-PC', ip: '20.0.0.188', os.name: 'Windows 7', os.arch: 'amd64', os.version: '6.1', java.version: '1.8.0_111'
Driver info: org.openqa.selenium.firefox.FirefoxDriver
Capabilities [{applicationCacheEnabled=true, rotatable=false, handlesAlerts=true, databaseEnabled=true, version=47.0.2, platform=WINDOWS, nativeEvents=false, acceptSslCerts=true, webStorageEnabled=true, locationContextEnabled=true, browserName=firefox, takesScreenshot=true, javascriptEnabled=true, cssSelectorsEnabled=true}]
Session ID: 5b6b2313-907b-4ef6-bf07-7812f344a493
*** Element info: {Using=css selector, value=.fa.fa-edit}
	at org.openqa.selenium.remote.ErrorHandler.createThrowable(ErrorHandler.java:206)
	at org.openqa.selenium.remote.ErrorHandler.throwIfResponseFailed(ErrorHandler.java:158)
	at org.openqa.selenium.remote.RemoteWebDriver.execute(RemoteWebDriver.java:678)
	at org.openqa.selenium.remote.RemoteWebDriver.findElement(RemoteWebDriver.java:363)
	at org.openqa.selenium.remote.RemoteWebDriver.findElementByCssSelector(RemoteWebDriver.java:492)
	at org.openqa.selenium.By$ByCssSelector.findElement(By.java:430)
	at org.openqa.selenium.remote.RemoteWebDriver.findElement(RemoteWebDriver.java:355)
	at com.global.methods.GlobalWait$5.apply(GlobalWait.java:97)
	at org.openqa.selenium.support.ui.FluentWait.until(FluentWait.java:238)
	... 28 more
Caused by: org.openqa.selenium.NoSuchElementException: Unable to locate element: {"method":"css selector","selector":".fa.fa-edit"}
For documentation on this error, please visit: http://seleniumhq.org/exceptions/no_such_element.html
Build info: version: '2.53.1', revision: 'a36b8b1cd5757287168e54b817830adce9b0158d', time: '2016-06-30 19:26:09'
System info: host: 'pushpa-PC', ip: '20.0.0.188', os.name: 'Windows 7', os.arch: 'amd64', os.version: '6.1', java.version: '1.8.0_111'
Driver info: driver.version: unknown
	at <anonymous class>.FirefoxDriver.prototype.findElementInternal_(file:///C:/Users/PUSHPA~1.KAM/AppData/Local/Temp/anonymous7191523928762848020webdriver-profile/extensions/fxdriver@googlecode.com/components/driver-component.js:10770)
	at <anonymous class>.FirefoxDriver.prototype.findElement(file:///C:/Users/PUSHPA~1.KAM/AppData/Local/Temp/anonymous7191523928762848020webdriver-profile/extensions/fxdriver@googlecode.com/components/driver-component.js:10779)
	at <anonymous class>.DelayedCommand.prototype.executeInternal_/h(file:///C:/Users/PUSHPA~1.KAM/AppData/Local/Temp/anonymous7191523928762848020webdriver-profile/extensions/fxdriver@googlecode.com/components/command-processor.js:12661)
	at <anonymous class>.DelayedCommand.prototype.executeInternal_(file:///C:/Users/PUSHPA~1.KAM/AppData/Local/Temp/anonymous7191523928762848020webdriver-profile/extensions/fxdriver@googlecode.com/components/command-processor.js:12666)
	at <anonymous class>.DelayedCommand.prototype.execute/<(file:///C:/Users/PUSHPA~1.KAM/AppData/Local/Temp/anonymous7191523928762848020webdriver-profile/extensions/fxdriver@googlecode.com/components/command-processor.js:12608)
... Removed 28 stack frames]]>
    </failure>
  </testcase> <!-- CRe4_1014 -->
  <testcase name="CRe4_1043" time="17.335" classname="com.create4.execution.TS_19_Mem_add"/>
  <testcase name="CRe4_1016" time="10.372" classname="com.create4.execution.TS_20_Mem_Update"/>
  <testcase name="CRe4_1044" time="23.307" classname="com.create4.execution.TS_19_Mem_add"/>
  <testcase name="CRe4_1017" time="128.584" classname="com.create4.execution.TS_20_Mem_Update">
    <failure type="org.openqa.selenium.TimeoutException" message="Timed out after 120 seconds waiting for com.global.methods.GlobalWait$5@6edb1e9c
Build info: version: &amp;apos;2.53.1&amp;apos;, revision: &amp;apos;a36b8b1cd5757287168e54b817830adce9b0158d&amp;apos;, time: &amp;apos;2016-06-30 19:26:09&amp;apos;
System info: host: &amp;apos;pushpa-PC&amp;apos;, ip: &amp;apos;20.0.0.188&amp;apos;, os.name: &amp;apos;Windows 7&amp;apos;, os.arch: &amp;apos;amd64&amp;apos;, os.version: &amp;apos;6.1&amp;apos;, java.version: &amp;apos;1.8.0_111&amp;apos;
Driver info: driver.version: unknown">
      <![CDATA[org.openqa.selenium.TimeoutException: Timed out after 120 seconds waiting for com.global.methods.GlobalWait$5@6edb1e9c
Build info: version: '2.53.1', revision: 'a36b8b1cd5757287168e54b817830adce9b0158d', time: '2016-06-30 19:26:09'
System info: host: 'pushpa-PC', ip: '20.0.0.188', os.name: 'Windows 7', os.arch: 'amd64', os.version: '6.1', java.version: '1.8.0_111'
Driver info: driver.version: unknown
	at org.openqa.selenium.support.ui.FluentWait.timeoutException(FluentWait.java:292)
	at org.openqa.selenium.support.ui.FluentWait.until(FluentWait.java:261)
	at com.global.methods.GlobalWait.Wait_GetElementByCSS(GlobalWait.java:94)
	at com.create4.scenarios.TS_20.CRe4_1017(TS_20.java:1846)
	at com.create4.execution.TS_20_Mem_Update.CRe4_1017(TS_20_Mem_Update.java:180)
Caused by: org.openqa.selenium.NoSuchElementException: Unable to locate element: {"method":"css selector","selector":".fa.fa-edit"}
Command duration or timeout: 10 milliseconds
For documentation on this error, please visit: http://seleniumhq.org/exceptions/no_such_element.html
Build info: version: '2.53.1', revision: 'a36b8b1cd5757287168e54b817830adce9b0158d', time: '2016-06-30 19:26:09'
System info: host: 'pushpa-PC', ip: '20.0.0.188', os.name: 'Windows 7', os.arch: 'amd64', os.version: '6.1', java.version: '1.8.0_111'
Driver info: org.openqa.selenium.firefox.FirefoxDriver
Capabilities [{applicationCacheEnabled=true, rotatable=false, handlesAlerts=true, databaseEnabled=true, version=47.0.2, platform=WINDOWS, nativeEvents=false, acceptSslCerts=true, webStorageEnabled=true, locationContextEnabled=true, browserName=firefox, takesScreenshot=true, javascriptEnabled=true, cssSelectorsEnabled=true}]
Session ID: fce1c193-9bd1-4394-bb1a-d9c63c84e009
*** Element info: {Using=css selector, value=.fa.fa-edit}
	at org.openqa.selenium.remote.ErrorHandler.createThrowable(ErrorHandler.java:206)
	at org.openqa.selenium.remote.ErrorHandler.throwIfResponseFailed(ErrorHandler.java:158)
	at org.openqa.selenium.remote.RemoteWebDriver.execute(RemoteWebDriver.java:678)
	at org.openqa.selenium.remote.RemoteWebDriver.findElement(RemoteWebDriver.java:363)
	at org.openqa.selenium.remote.RemoteWebDriver.findElementByCssSelector(RemoteWebDriver.java:492)
	at org.openqa.selenium.By$ByCssSelector.findElement(By.java:430)
	at org.openqa.selenium.remote.RemoteWebDriver.findElement(RemoteWebDriver.java:355)
	at com.global.methods.GlobalWait$5.apply(GlobalWait.java:97)
	at org.openqa.selenium.support.ui.FluentWait.until(FluentWait.java:238)
	... 28 more
Caused by: org.openqa.selenium.NoSuchElementException: Unable to locate element: {"method":"css selector","selector":".fa.fa-edit"}
For documentation on this error, please visit: http://seleniumhq.org/exceptions/no_such_element.html
Build info: version: '2.53.1', revision: 'a36b8b1cd5757287168e54b817830adce9b0158d', time: '2016-06-30 19:26:09'
System info: host: 'pushpa-PC', ip: '20.0.0.188', os.name: 'Windows 7', os.arch: 'amd64', os.version: '6.1', java.version: '1.8.0_111'
Driver info: driver.version: unknown
	at <anonymous class>.FirefoxDriver.prototype.findElementInternal_(file:///C:/Users/PUSHPA~1.KAM/AppData/Local/Temp/anonymous8304870568614387373webdriver-profile/extensions/fxdriver@googlecode.com/components/driver-component.js:10770)
	at <anonymous class>.FirefoxDriver.prototype.findElement(file:///C:/Users/PUSHPA~1.KAM/AppData/Local/Temp/anonymous8304870568614387373webdriver-profile/extensions/fxdriver@googlecode.com/components/driver-component.js:10779)
	at <anonymous class>.DelayedCommand.prototype.executeInternal_/h(file:///C:/Users/PUSHPA~1.KAM/AppData/Local/Temp/anonymous8304870568614387373webdriver-profile/extensions/fxdriver@googlecode.com/components/command-processor.js:12661)
	at <anonymous class>.DelayedCommand.prototype.executeInternal_(file:///C:/Users/PUSHPA~1.KAM/AppData/Local/Temp/anonymous8304870568614387373webdriver-profile/extensions/fxdriver@googlecode.com/components/command-processor.js:12666)
	at <anonymous class>.DelayedCommand.prototype.execute/<(file:///C:/Users/PUSHPA~1.KAM/AppData/Local/Temp/anonymous8304870568614387373webdriver-profile/extensions/fxdriver@googlecode.com/components/command-processor.js:12608)
... Removed 28 stack frames]]>
    </failure>
  </testcase> <!-- CRe4_1017 -->
  <testcase name="CRe4_1045" time="19.753" classname="com.create4.execution.TS_19_Mem_add"/>
  <testcase name="CRe4_1019" time="7.909" classname="com.create4.execution.TS_20_Mem_Update"/>
  <testcase name="CRe4_1047" time="17.984" classname="com.create4.execution.TS_19_Mem_add">
    <failure type="org.openqa.selenium.NoSuchElementException" message="Cannot locate element with text: Dept11
For documentation on this error, please visit: http://seleniumhq.org/exceptions/no_such_element.html
Build info: version: &amp;apos;2.53.1&amp;apos;, revision: &amp;apos;a36b8b1cd5757287168e54b817830adce9b0158d&amp;apos;, time: &amp;apos;2016-06-30 19:26:09&amp;apos;
System info: host: &amp;apos;pushpa-PC&amp;apos;, ip: &amp;apos;20.0.0.188&amp;apos;, os.name: &amp;apos;Windows 7&amp;apos;, os.arch: &amp;apos;amd64&amp;apos;, os.version: &amp;apos;6.1&amp;apos;, java.version: &amp;apos;1.8.0_111&amp;apos;
Driver info: driver.version: unknown">
      <![CDATA[org.openqa.selenium.NoSuchElementException: Cannot locate element with text: Dept11
For documentation on this error, please visit: http://seleniumhq.org/exceptions/no_such_element.html
Build info: version: '2.53.1', revision: 'a36b8b1cd5757287168e54b817830adce9b0158d', time: '2016-06-30 19:26:09'
System info: host: 'pushpa-PC', ip: '20.0.0.188', os.name: 'Windows 7', os.arch: 'amd64', os.version: '6.1', java.version: '1.8.0_111'
Driver info: driver.version: unknown
	at org.openqa.selenium.support.ui.Select.selectByVisibleText(Select.java:150)
	at com.create4.scenarios.TS_19.CRe4_1047(TS_19.java:3225)
	at com.create4.execution.TS_19_Mem_add.CRe4_1047(TS_19_Mem_add.java:209)
... Removed 25 stack frames]]>
    </failure>
  </testcase> <!-- CRe4_1047 -->
  <testcase name="CRe4_1020" time="9.628" classname="com.create4.execution.TS_20_Mem_Update"/>
  <testcase name="CRe4_1048" time="10.407" classname="com.create4.execution.TS_19_Mem_add"/>
  <testcase name="CRe4_1021" time="7.825" classname="com.create4.execution.TS_20_Mem_Update"/>
  <testcase name="CRe4_1051" time="5.642" classname="com.create4.execution.TS_19_Mem_add">
    <failure type="org.openqa.selenium.NoSuchElementException" message="Unable to locate element: {&amp;quot;method&amp;quot;:&amp;quot;id&amp;quot;,&amp;quot;selector&amp;quot;:&amp;quot;add_iec_member_first_name&amp;quot;}
Command duration or timeout: 437 milliseconds
For documentation on this error, please visit: http://seleniumhq.org/exceptions/no_such_element.html
Build info: version: &amp;apos;2.53.1&amp;apos;, revision: &amp;apos;a36b8b1cd5757287168e54b817830adce9b0158d&amp;apos;, time: &amp;apos;2016-06-30 19:26:09&amp;apos;
System info: host: &amp;apos;pushpa-PC&amp;apos;, ip: &amp;apos;20.0.0.188&amp;apos;, os.name: &amp;apos;Windows 7&amp;apos;, os.arch: &amp;apos;amd64&amp;apos;, os.version: &amp;apos;6.1&amp;apos;, java.version: &amp;apos;1.8.0_111&amp;apos;
Driver info: org.openqa.selenium.firefox.FirefoxDriver
Capabilities [{applicationCacheEnabled=true, rotatable=false, handlesAlerts=true, databaseEnabled=true, version=47.0.2, platform=WINDOWS, nativeEvents=false, acceptSslCerts=true, webStorageEnabled=true, locationContextEnabled=true, browserName=firefox, takesScreenshot=true, javascriptEnabled=true, cssSelectorsEnabled=true}]
Session ID: 54ec6d1e-ce12-43ae-b645-8a494874c0df
*** Element info: {Using=id, value=add_iec_member_first_name}">
      <![CDATA[org.openqa.selenium.NoSuchElementException: Unable to locate element: {"method":"id","selector":"add_iec_member_first_name"}
Command duration or timeout: 437 milliseconds
For documentation on this error, please visit: http://seleniumhq.org/exceptions/no_such_element.html
Build info: version: '2.53.1', revision: 'a36b8b1cd5757287168e54b817830adce9b0158d', time: '2016-06-30 19:26:09'
System info: host: 'pushpa-PC', ip: '20.0.0.188', os.name: 'Windows 7', os.arch: 'amd64', os.version: '6.1', java.version: '1.8.0_111'
Driver info: org.openqa.selenium.firefox.FirefoxDriver
Capabilities [{applicationCacheEnabled=true, rotatable=false, handlesAlerts=true, databaseEnabled=true, version=47.0.2, platform=WINDOWS, nativeEvents=false, acceptSslCerts=true, webStorageEnabled=true, locationContextEnabled=true, browserName=firefox, takesScreenshot=true, javascriptEnabled=true, cssSelectorsEnabled=true}]
Session ID: 54ec6d1e-ce12-43ae-b645-8a494874c0df
*** Element info: {Using=id, value=add_iec_member_first_name}
	at org.openqa.selenium.remote.ErrorHandler.createThrowable(ErrorHandler.java:206)
	at org.openqa.selenium.remote.ErrorHandler.throwIfResponseFailed(ErrorHandler.java:158)
	at org.openqa.selenium.remote.RemoteWebDriver.execute(RemoteWebDriver.java:678)
	at org.openqa.selenium.remote.RemoteWebDriver.findElement(RemoteWebDriver.java:363)
	at org.openqa.selenium.remote.RemoteWebDriver.findElementById(RemoteWebDriver.java:413)
	at org.openqa.selenium.By$ById.findElement(By.java:218)
	at org.openqa.selenium.remote.RemoteWebDriver.findElement(RemoteWebDriver.java:355)
	at org.openqa.selenium.support.pagefactory.DefaultElementLocator.findElement(DefaultElementLocator.java:69)
	at org.openqa.selenium.support.pagefactory.internal.LocatingElementHandler.invoke(LocatingElementHandler.java:38)
	at com.sun.proxy.$Proxy7.sendKeys(Unknown Source)
	at com.create4.scenarios.TS_19.CRe4_1051(TS_19.java:3457)
	at com.create4.execution.TS_19_Mem_add.CRe4_1051(TS_19_Mem_add.java:225)
Caused by: org.openqa.selenium.NoSuchElementException: Unable to locate element: {"method":"id","selector":"add_iec_member_first_name"}
For documentation on this error, please visit: http://seleniumhq.org/exceptions/no_such_element.html
Build info: version: '2.53.1', revision: 'a36b8b1cd5757287168e54b817830adce9b0158d', time: '2016-06-30 19:26:09'
System info: host: 'pushpa-PC', ip: '20.0.0.188', os.name: 'Windows 7', os.arch: 'amd64', os.version: '6.1', java.version: '1.8.0_111'
Driver info: driver.version: unknown
	at <anonymous class>.FirefoxDriver.prototype.findElementInternal_(file:///C:/Users/PUSHPA~1.KAM/AppData/Local/Temp/anonymous3185684954814612169webdriver-profile/extensions/fxdriver@googlecode.com/components/driver-component.js:10770)
	at <anonymous class>.FirefoxDriver.prototype.findElement(file:///C:/Users/PUSHPA~1.KAM/AppData/Local/Temp/anonymous3185684954814612169webdriver-profile/extensions/fxdriver@googlecode.com/components/driver-component.js:10779)
	at <anonymous class>.DelayedCommand.prototype.executeInternal_/h(file:///C:/Users/PUSHPA~1.KAM/AppData/Local/Temp/anonymous3185684954814612169webdriver-profile/extensions/fxdriver@googlecode.com/components/command-processor.js:12661)
	at <anonymous class>.DelayedCommand.prototype.executeInternal_(file:///C:/Users/PUSHPA~1.KAM/AppData/Local/Temp/anonymous3185684954814612169webdriver-profile/extensions/fxdriver@googlecode.com/components/command-processor.js:12666)
	at <anonymous class>.DelayedCommand.prototype.execute/<(file:///C:/Users/PUSHPA~1.KAM/AppData/Local/Temp/anonymous3185684954814612169webdriver-profile/extensions/fxdriver@googlecode.com/components/command-processor.js:12608)
... Removed 28 stack frames]]>
    </failure>
  </testcase> <!-- CRe4_1051 -->
  <testcase name="CRe4_1054" time="128.723" classname="com.create4.execution.TS_19_Mem_add">
    <failure type="org.openqa.selenium.TimeoutException" message="Timed out after 120 seconds waiting for com.global.methods.GlobalWait$2@4cfe9594
Build info: version: &amp;apos;2.53.1&amp;apos;, revision: &amp;apos;a36b8b1cd5757287168e54b817830adce9b0158d&amp;apos;, time: &amp;apos;2016-06-30 19:26:09&amp;apos;
System info: host: &amp;apos;pushpa-PC&amp;apos;, ip: &amp;apos;20.0.0.188&amp;apos;, os.name: &amp;apos;Windows 7&amp;apos;, os.arch: &amp;apos;amd64&amp;apos;, os.version: &amp;apos;6.1&amp;apos;, java.version: &amp;apos;1.8.0_111&amp;apos;
Driver info: driver.version: unknown">
      <![CDATA[org.openqa.selenium.TimeoutException: Timed out after 120 seconds waiting for com.global.methods.GlobalWait$2@4cfe9594
Build info: version: '2.53.1', revision: 'a36b8b1cd5757287168e54b817830adce9b0158d', time: '2016-06-30 19:26:09'
System info: host: 'pushpa-PC', ip: '20.0.0.188', os.name: 'Windows 7', os.arch: 'amd64', os.version: '6.1', java.version: '1.8.0_111'
Driver info: driver.version: unknown
	at org.openqa.selenium.support.ui.FluentWait.timeoutException(FluentWait.java:292)
	at org.openqa.selenium.support.ui.FluentWait.until(FluentWait.java:261)
	at com.global.methods.GlobalWait.Wait_GetElementById(GlobalWait.java:51)
	at com.create4.scenarios.TS_19.CRe4_1054(TS_19.java:3570)
	at com.create4.execution.TS_19_Mem_add.CRe4_1054(TS_19_Mem_add.java:233)
Caused by: org.openqa.selenium.NoSuchElementException: Unable to locate element: {"method":"id","selector":"add_iec_member_photo"}
Command duration or timeout: 0 milliseconds
For documentation on this error, please visit: http://seleniumhq.org/exceptions/no_such_element.html
Build info: version: '2.53.1', revision: 'a36b8b1cd5757287168e54b817830adce9b0158d', time: '2016-06-30 19:26:09'
System info: host: 'pushpa-PC', ip: '20.0.0.188', os.name: 'Windows 7', os.arch: 'amd64', os.version: '6.1', java.version: '1.8.0_111'
Driver info: org.openqa.selenium.firefox.FirefoxDriver
Capabilities [{applicationCacheEnabled=true, rotatable=false, handlesAlerts=true, databaseEnabled=true, version=47.0.2, platform=WINDOWS, nativeEvents=false, acceptSslCerts=true, webStorageEnabled=true, locationContextEnabled=true, browserName=firefox, takesScreenshot=true, javascriptEnabled=true, cssSelectorsEnabled=true}]
Session ID: 0739ffbd-6789-4b56-bc56-e8c6639764dd
*** Element info: {Using=id, value=add_iec_member_photo}
	at org.openqa.selenium.remote.ErrorHandler.createThrowable(ErrorHandler.java:206)
	at org.openqa.selenium.remote.ErrorHandler.throwIfResponseFailed(ErrorHandler.java:158)
	at org.openqa.selenium.remote.RemoteWebDriver.execute(RemoteWebDriver.java:678)
	at org.openqa.selenium.remote.RemoteWebDriver.findElement(RemoteWebDriver.java:363)
	at org.openqa.selenium.remote.RemoteWebDriver.findElementById(RemoteWebDriver.java:413)
	at org.openqa.selenium.By$ById.findElement(By.java:218)
	at org.openqa.selenium.remote.RemoteWebDriver.findElement(RemoteWebDriver.java:355)
	at com.global.methods.GlobalWait$2.apply(GlobalWait.java:54)
	at org.openqa.selenium.support.ui.FluentWait.until(FluentWait.java:238)
	... 28 more
Caused by: org.openqa.selenium.NoSuchElementException: Unable to locate element: {"method":"id","selector":"add_iec_member_photo"}
For documentation on this error, please visit: http://seleniumhq.org/exceptions/no_such_element.html
Build info: version: '2.53.1', revision: 'a36b8b1cd5757287168e54b817830adce9b0158d', time: '2016-06-30 19:26:09'
System info: host: 'pushpa-PC', ip: '20.0.0.188', os.name: 'Windows 7', os.arch: 'amd64', os.version: '6.1', java.version: '1.8.0_111'
Driver info: driver.version: unknown
	at <anonymous class>.FirefoxDriver.prototype.findElementInternal_(file:///C:/Users/PUSHPA~1.KAM/AppData/Local/Temp/anonymous1509024774437818970webdriver-profile/extensions/fxdriver@googlecode.com/components/driver-component.js:10770)
	at <anonymous class>.FirefoxDriver.prototype.findElement(file:///C:/Users/PUSHPA~1.KAM/AppData/Local/Temp/anonymous1509024774437818970webdriver-profile/extensions/fxdriver@googlecode.com/components/driver-component.js:10779)
	at <anonymous class>.DelayedCommand.prototype.executeInternal_/h(file:///C:/Users/PUSHPA~1.KAM/AppData/Local/Temp/anonymous1509024774437818970webdriver-profile/extensions/fxdriver@googlecode.com/components/command-processor.js:12661)
	at <anonymous class>.DelayedCommand.prototype.executeInternal_(file:///C:/Users/PUSHPA~1.KAM/AppData/Local/Temp/anonymous1509024774437818970webdriver-profile/extensions/fxdriver@googlecode.com/components/command-processor.js:12666)
	at <anonymous class>.DelayedCommand.prototype.execute/<(file:///C:/Users/PUSHPA~1.KAM/AppData/Local/Temp/anonymous1509024774437818970webdriver-profile/extensions/fxdriver@googlecode.com/components/command-processor.js:12608)
... Removed 28 stack frames]]>
    </failure>
  </testcase> <!-- CRe4_1054 -->
  <testcase name="CRe4_1056" time="6.429" classname="com.create4.execution.TS_23_Ethic_search"/>
  <testcase name="CRe4_1057" time="6.34" classname="com.create4.execution.TS_23_Ethic_search"/>
  <testcase name="CRe4_1058" time="7.696" classname="com.create4.execution.TS_23_Ethic_search"/>
  <testcase name="CRe4_1059" time="8.024" classname="com.create4.execution.TS_23_Ethic_search"/>
  <testcase name="CRe4_1062_1063" time="0.0" classname="com.create4.execution.TS_23_Ethic_search">
    <ignored/>
  </testcase> <!-- CRe4_1062_1063 -->
  <testcase name="CRe4_1055" time="0.0" classname="com.create4.execution.TS_19_Mem_add">
    <ignored/>
  </testcase> <!-- CRe4_1055 -->
</testsuite> <!-- Test -->
