<?xml version="1.0" encoding="UTF-8"?>
<!-- Generated by org.testng.reporters.JUnitReportReporter -->
<testsuite skipped="0" hostname="pushpa-PC" name="com.create4.execution.TS_01B_Admin_Creation" tests="12" failures="0" timestamp="31 Jul 2018 06:53:35 GMT" time="359.819" errors="1">
  <testcase name="CRe4_815" time="20.622" classname="com.create4.execution.TS_01B_Admin_Creation"/>
  <testcase name="CRe4_813" time="21.399" classname="com.create4.execution.TS_01B_Admin_Creation"/>
  <testcase name="CRe4_818" time="30.661" classname="com.create4.execution.TS_01B_Admin_Creation"/>
  <testcase name="CRe4_826_828_830_832_834_836_838_839" time="30.079" classname="com.create4.execution.TS_01B_Admin_Creation"/>
  <testcase name="CRe4_820_821_822_840_841_842_843_844_845" time="44.373" classname="com.create4.execution.TS_01B_Admin_Creation">
    <error type="org.openqa.selenium.UnhandledAlertException" message="Unexpected modal dialog (text: IEC admin has been assigned to Institute admin creation_24 already): IEC admin has been assigned to Institute admin creation_24 already
Build info: version: &#039;2.53.1&#039;, revision: &#039;a36b8b1cd5757287168e54b817830adce9b0158d&#039;, time: &#039;2016-06-30 19:26:09&#039;
System info: host: &#039;pushpa-PC&#039;, ip: &#039;20.0.0.188&#039;, os.name: &#039;Windows 7&#039;, os.arch: &#039;amd64&#039;, os.version: &#039;6.1&#039;, java.version: &#039;1.8.0_111&#039;
Driver info: org.openqa.selenium.firefox.FirefoxDriver
Capabilities [{applicationCacheEnabled=true, rotatable=false, handlesAlerts=true, databaseEnabled=true, version=47.0.2, platform=WINDOWS, nativeEvents=false, acceptSslCerts=true, webStorageEnabled=true, locationContextEnabled=true, browserName=firefox, takesScreenshot=true, javascriptEnabled=true, cssSelectorsEnabled=true}]
Session ID: 9b05ede3-e16f-45d4-a3c7-71b495ee5856
*** Element info: {Using=id, value=add_iec_admin_first_name}">
      <![CDATA[org.openqa.selenium.UnhandledAlertException: Unexpected modal dialog (text: IEC admin has been assigned to Institute admin creation_24 already): IEC admin has been assigned to Institute admin creation_24 already
Build info: version: '2.53.1', revision: 'a36b8b1cd5757287168e54b817830adce9b0158d', time: '2016-06-30 19:26:09'
System info: host: 'pushpa-PC', ip: '20.0.0.188', os.name: 'Windows 7', os.arch: 'amd64', os.version: '6.1', java.version: '1.8.0_111'
Driver info: org.openqa.selenium.firefox.FirefoxDriver
Capabilities [{applicationCacheEnabled=true, rotatable=false, handlesAlerts=true, databaseEnabled=true, version=47.0.2, platform=WINDOWS, nativeEvents=false, acceptSslCerts=true, webStorageEnabled=true, locationContextEnabled=true, browserName=firefox, takesScreenshot=true, javascriptEnabled=true, cssSelectorsEnabled=true}]
Session ID: 9b05ede3-e16f-45d4-a3c7-71b495ee5856
*** Element info: {Using=id, value=add_iec_admin_first_name}
	at sun.reflect.NativeConstructorAccessorImpl.newInstance0(Native Method)
	at sun.reflect.NativeConstructorAccessorImpl.newInstance(NativeConstructorAccessorImpl.java:62)
	at sun.reflect.DelegatingConstructorAccessorImpl.newInstance(DelegatingConstructorAccessorImpl.java:45)
	at java.lang.reflect.Constructor.newInstance(Constructor.java:423)
	at org.openqa.selenium.remote.ErrorHandler.createThrowable(ErrorHandler.java:206)
	at org.openqa.selenium.remote.ErrorHandler.createUnhandledAlertException(ErrorHandler.java:187)
	at org.openqa.selenium.remote.ErrorHandler.throwIfResponseFailed(ErrorHandler.java:154)
	at org.openqa.selenium.remote.RemoteWebDriver.execute(RemoteWebDriver.java:678)
	at org.openqa.selenium.remote.RemoteWebDriver.findElement(RemoteWebDriver.java:363)
	at org.openqa.selenium.remote.RemoteWebDriver.findElementById(RemoteWebDriver.java:413)
	at org.openqa.selenium.By$ById.findElement(By.java:218)
	at org.openqa.selenium.remote.RemoteWebDriver.findElement(RemoteWebDriver.java:355)
	at org.openqa.selenium.support.pagefactory.DefaultElementLocator.findElement(DefaultElementLocator.java:69)
	at org.openqa.selenium.support.pagefactory.internal.LocatingElementHandler.invoke(LocatingElementHandler.java:38)
	at com.sun.proxy.$Proxy7.sendKeys(Unknown Source)
	at com.create4.scenarios.TS_01B.CRe4_820_821_822_840_841_842_843_844_845(TS_01B.java:1823)
	at com.create4.execution.TS_01B_Admin_Creation.CRe4_820_821_822_840_841_842_843_844_845(TS_01B_Admin_Creation.java:143)
	at sun.reflect.NativeMethodAccessorImpl.invoke0(Native Method)
	at sun.reflect.NativeMethodAccessorImpl.invoke(NativeMethodAccessorImpl.java:62)
	at sun.reflect.DelegatingMethodAccessorImpl.invoke(DelegatingMethodAccessorImpl.java:43)
	at java.lang.reflect.Method.invoke(Method.java:498)
	at org.testng.internal.MethodInvocationHelper.invokeMethod(MethodInvocationHelper.java:108)
	at org.testng.internal.Invoker.invokeMethod(Invoker.java:661)
	at org.testng.internal.Invoker.invokeTestMethod(Invoker.java:869)
	at org.testng.internal.Invoker.invokeTestMethods(Invoker.java:1193)
	at org.testng.internal.TestMethodWorker.invokeTestMethods(TestMethodWorker.java:126)
	at org.testng.internal.TestMethodWorker.run(TestMethodWorker.java:109)
	at org.testng.TestRunner.privateRun(TestRunner.java:744)
	at org.testng.TestRunner.run(TestRunner.java:602)
	at org.testng.SuiteRunner.runTest(SuiteRunner.java:380)
	at org.testng.SuiteRunner.runSequentially(SuiteRunner.java:375)
	at org.testng.SuiteRunner.privateRun(SuiteRunner.java:340)
	at org.testng.SuiteRunner.run(SuiteRunner.java:289)
	at org.testng.SuiteRunnerWorker.runSuite(SuiteRunnerWorker.java:52)
	at org.testng.SuiteRunnerWorker.run(SuiteRunnerWorker.java:86)
	at org.testng.TestNG.runSuitesSequentially(TestNG.java:1301)
	at org.testng.TestNG.runSuitesLocally(TestNG.java:1226)
	at org.testng.TestNG.runSuites(TestNG.java:1144)
	at org.testng.TestNG.run(TestNG.java:1115)
	at org.testng.remote.AbstractRemoteTestNG.run(AbstractRemoteTestNG.java:132)
	at org.testng.remote.RemoteTestNG.initAndRun(RemoteTestNG.java:236)
	at org.testng.remote.RemoteTestNG.main(RemoteTestNG.java:81)
]]>
    </error>
  </testcase> <!-- CRe4_820_821_822_840_841_842_843_844_845 -->
  <testcase name="CRe4_825_827_829_831_833_835_837" time="30.617" classname="com.create4.execution.TS_01B_Admin_Creation"/>
  <testcase name="CRe4_817" time="37.513" classname="com.create4.execution.TS_01B_Admin_Creation"/>
  <testcase name="CRe4_819" time="25.949" classname="com.create4.execution.TS_01B_Admin_Creation"/>
  <testcase name="CRe4_824" time="37.400" classname="com.create4.execution.TS_01B_Admin_Creation"/>
  <testcase name="CRe4_814" time="21.064" classname="com.create4.execution.TS_01B_Admin_Creation"/>
  <testcase name="CRe4_816" time="23.757" classname="com.create4.execution.TS_01B_Admin_Creation"/>
  <testcase name="CRe4_823" time="36.385" classname="com.create4.execution.TS_01B_Admin_Creation"/>
</testsuite> <!-- com.create4.execution.TS_01B_Admin_Creation -->
